#
# There is insufficient memory for the Java Runtime Environment to continue.
# Native memory allocation (malloc) failed to allocate 1048576 bytes for AllocateHeap
# Possible reasons:
#   The system is out of physical RAM or swap space
#   The process is running with CompressedOops enabled, and the Java Heap may be blocking the growth of the native heap
# Possible solutions:
#   Reduce memory load on the system
#   Increase physical memory or swap space
#   Check if swap backing store is full
#   Decrease Java heap size (-Xmx/-Xms)
#   Decrease number of Java threads
#   Decrease Java thread stack sizes (-Xss)
#   Set larger code cache with -XX:ReservedCodeCacheSize=
#   JVM is running with Unscaled Compressed Oops mode in which the Java heap is
#     placed in the first 4GB address space. The Java Heap base address is the
#     maximum limit for the native heap growth. Please use -XX:HeapBaseMinAddress
#     to set the Java Heap base and to place the Java Heap above 4GB virtual address.
# This output file may be truncated or incomplete.
#
#  Out of Memory Error (./src/hotspot/share/memory/allocation.cpp:46), pid=12764, tid=17296
#
# JRE version:  (11.0.8+10) (build )
# Java VM: OpenJDK 64-Bit Server VM (11.0.8+10-b944.6842174, mixed mode, sharing, tiered, compressed oops, g1 gc, windows-amd64)
# No core dump will be written. Minidumps are not enabled by default on client versions of Windows
#

---------------  S U M M A R Y ------------

Command Line: org.jetbrains.git4idea.http.GitAskPassApp Username for 'https://github.com': 

Host: Intel(R) Core(TM) i5-8265U CPU @ 1.60GHz, 8 cores, 7G,  Windows 10 , 64 bit Build 19041 (10.0.19041.1151)
Time: Wed Sep 22 08:43:32 2021 Sri Lanka Standard Time elapsed time: 0 seconds (0d 0h 0m 0s)

---------------  T H R E A D  ---------------

Current thread (0x000001628adcf000):  JavaThread "Unknown thread" [_thread_in_vm, id=17296, stack(0x0000003e7c700000,0x0000003e7c800000)]

Stack: [0x0000003e7c700000,0x0000003e7c800000]
Native frames: (J=compiled Java code, j=interpreted, Vv=VM code, C=native code)
V  [jvm.dll+0x5de50a]
V  [jvm.dll+0x7122f5]
V  [jvm.dll+0x71384d]
V  [jvm.dll+0x713f03]
V  [jvm.dll+0x23e728]
V  [jvm.dll+0xb0144]
V  [jvm.dll+0x2d1ef3]
V  [jvm.dll+0x6f11e7]
V  [jvm.dll+0x6f29ec]
V  [jvm.dll+0x355cb9]
V  [jvm.dll+0x6d4ade]
V  [jvm.dll+0x3bdfe3]
V  [jvm.dll+0x3c0201]
C  [jli.dll+0x5373]
C  [ucrtbase.dll+0x21bb2]
C  [KERNEL32.DLL+0x17034]
C  [ntdll.dll+0x52651]


---------------  P R O C E S S  ---------------

Threads class SMR info:
_java_thread_list=0x0000016288c64a60, length=0, elements={
}

Java Threads: ( => current thread )

Other Threads:

[error occurred during error reporting (printing all threads), id 0xc0000005, EXCEPTION_ACCESS_VIOLATION (0xc0000005) at pc=0x00007ffb2bff97de]

VM state:not at safepoint (not fully initialized)

VM Mutex/Monitor currently owned by a thread: None


[error occurred during error reporting (printing compressed oops mode), id 0xc0000005, EXCEPTION_ACCESS_VIOLATION (0xc0000005) at pc=0x00007ffb2c012037]

GC Heap History (0 events):
No events

Deoptimization events (0 events):
No events

Classes redefined (0 events):
No events

Internal exceptions (0 events):
No events

Events (1 events):
Event: 0.006 Loaded shared library C:\Program Files\Android\Android Studio\jre\bin\zip.dll


Dynamic libraries:
0x00007ff64ee50000 - 0x00007ff64ee5a000 	C:\Program Files\Android\Android Studio\jre\bin\java.exe
0x00007ffb512f0000 - 0x00007ffb514e5000 	C:\WINDOWS\SYSTEM32\ntdll.dll
0x00007ffb50860000 - 0x00007ffb5091d000 	C:\WINDOWS\System32\KERNEL32.DLL
0x00007ffb4f030000 - 0x00007ffb4f2f9000 	C:\WINDOWS\System32\KERNELBASE.dll
0x00007ffb4ec40000 - 0x00007ffb4ed40000 	C:\WINDOWS\System32\ucrtbase.dll
0x00007ffb3f9d0000 - 0x00007ffb3f9e9000 	C:\Program Files\Android\Android Studio\jre\bin\jli.dll
0x00007ffb35ce0000 - 0x00007ffb35cf7000 	C:\Program Files\Android\Android Studio\jre\bin\VCRUNTIME140.dll
0x00007ffb50150000 - 0x00007ffb502f0000 	C:\WINDOWS\System32\USER32.dll
0x00007ffb4ec10000 - 0x00007ffb4ec32000 	C:\WINDOWS\System32\win32u.dll
0x00007ffb24630000 - 0x00007ffb248ca000 	C:\WINDOWS\WinSxS\amd64_microsoft.windows.common-controls_6595b64144ccf1df_6.0.19041.1110_none_60b5254171f9507e\COMCTL32.dll
0x00007ffb502f0000 - 0x00007ffb5031a000 	C:\WINDOWS\System32\GDI32.dll
0x00007ffb509d0000 - 0x00007ffb50a6e000 	C:\WINDOWS\System32\msvcrt.dll
0x00007ffb4ea20000 - 0x00007ffb4eb2b000 	C:\WINDOWS\System32\gdi32full.dll
0x00007ffb4ef30000 - 0x00007ffb4efcd000 	C:\WINDOWS\System32\msvcp_win.dll
0x00007ffb50720000 - 0x00007ffb50750000 	C:\WINDOWS\System32\IMM32.DLL
0x00007ffb31230000 - 0x00007ffb312cd000 	C:\Program Files\Android\Android Studio\jre\bin\msvcp140.dll
0x00007ffb2b920000 - 0x00007ffb2c3dc000 	C:\Program Files\Android\Android Studio\jre\bin\server\jvm.dll
0x00007ffb4f7d0000 - 0x00007ffb4f87c000 	C:\WINDOWS\System32\ADVAPI32.dll
0x00007ffb50680000 - 0x00007ffb5071b000 	C:\WINDOWS\System32\sechost.dll
0x00007ffb4ffc0000 - 0x00007ffb500ea000 	C:\WINDOWS\System32\RPCRT4.dll
0x00007ffb51190000 - 0x00007ffb51198000 	C:\WINDOWS\System32\PSAPI.DLL
0x00007ffb00020000 - 0x00007ffb00029000 	C:\WINDOWS\SYSTEM32\WSOCK32.dll
0x00007ffb20490000 - 0x00007ffb204b7000 	C:\WINDOWS\SYSTEM32\WINMM.dll
0x00007ffb50dc0000 - 0x00007ffb50e2b000 	C:\WINDOWS\System32\WS2_32.dll
0x00007ffb48ba0000 - 0x00007ffb48baa000 	C:\WINDOWS\SYSTEM32\VERSION.dll
0x00007ffb4d690000 - 0x00007ffb4d6a2000 	C:\WINDOWS\SYSTEM32\kernel.appcore.dll
0x00007ffb49cc0000 - 0x00007ffb49cd1000 	C:\Program Files\Android\Android Studio\jre\bin\verify.dll
0x00007ffb4d000000 - 0x00007ffb4d1e4000 	C:\WINDOWS\SYSTEM32\DBGHELP.DLL
0x00007ffb39360000 - 0x00007ffb3938c000 	C:\WINDOWS\SYSTEM32\dbgcore.DLL
0x00007ffb4ed40000 - 0x00007ffb4edc3000 	C:\WINDOWS\System32\bcryptPrimitives.dll
0x00007ffb46880000 - 0x00007ffb468a9000 	C:\Program Files\Android\Android Studio\jre\bin\java.dll
0x00007ffb49c70000 - 0x00007ffb49c7b000 	C:\Program Files\Android\Android Studio\jre\bin\jimage.dll
0x00007ffb49c20000 - 0x00007ffb49c38000 	C:\Program Files\Android\Android Studio\jre\bin\zip.dll

dbghelp: loaded successfully - version: 4.0.5 - missing functions: none
symbol engine: initialized successfully - sym options: 0x614 - pdb path: .;C:\Program Files\Android\Android Studio\jre\bin;C:\WINDOWS\SYSTEM32;C:\WINDOWS\WinSxS\amd64_microsoft.windows.common-controls_6595b64144ccf1df_6.0.19041.1110_none_60b5254171f9507e;C:\Program Files\Android\Android Studio\jre\bin\server

VM Arguments:
java_command: org.jetbrains.git4idea.http.GitAskPassApp Username for 'https://github.com': 
java_class_path (initial): C:/Program Files/Android/Android Studio/plugins/git4idea/lib/git4idea-rt.jar;C:/Program Files/Android/Android Studio/lib/xmlrpc-2.0.1.jar;C:/Program Files/Android/Android Studio/lib/commons-codec-1.14.jar
Launcher Type: SUN_STANDARD

[Global flags]
     intx CICompilerCount                          = 4                                         {product} {ergonomic}
     uint G1ConcRefinementThreads                  = 8                                         {product} {ergonomic}
   size_t G1HeapRegionSize                         = 1048576                                   {product} {ergonomic}
    uintx GCDrainStackTargetSize                   = 64                                        {product} {ergonomic}
   size_t InitialHeapSize                          = 134217728                                 {product} {ergonomic}
   size_t MaxHeapSize                              = 2118123520                                {product} {ergonomic}
   size_t MinHeapDeltaBytes                        = 1048576                                   {product} {ergonomic}
    uintx NonNMethodCodeHeapSize                   = 5836300                                {pd product} {ergonomic}
    uintx NonProfiledCodeHeapSize                  = 122910970                              {pd product} {ergonomic}
    uintx ProfiledCodeHeapSize                     = 122910970                              {pd product} {ergonomic}
    uintx ReservedCodeCacheSize                    = 251658240                              {pd product} {ergonomic}
     bool SegmentedCodeCache                       = true                                      {product} {ergonomic}
     bool UseCompressedClassPointers               = true                                 {lp64_product} {ergonomic}
     bool UseCompressedOops                        = true                                 {lp64_product} {ergonomic}
     bool UseG1GC                                  = true                                      {product} {ergonomic}
     bool UseLargePagesIndividualAllocation        = false                                  {pd product} {ergonomic}

Logging:
Log output configuration:
 #0: stdout all=warning uptime,level,tags
 #1: stderr all=off uptime,level,tags

Environment Variables:
JAVA_HOME=C:\Program Files\Java\jre1.8.0_291
PATH=C:/Program Files/Git/mingw64/libexec/git-core;C:/Program Files/Git/mingw64/libexec/git-core;C:\Program Files\Git\mingw64\bin;C:\Program Files\Git\usr\bin;C:\Users\Maneka Wijesundara\bin;C:\Program Files\Java\openjdk-8u41-b04-windows-i586-14_jan_2020\java-se-8u41-ri\bin;C:\Program Files\Common Files\Oracle\Java\javapath;C:\Program Files \Common Files\Oracle\Java\javapath;C:\Program Files\Microsoft MPI\Bin\;C:\Program Files\Java\jre1.8.0_291\bin;C:\windows\system32;C:\windows;C:\windows\System32\Wbem;C:\windows\System32\WindowsPowerShell\v1.0\;C:\windows\System32\OpenSSH\;C:\Program Files\Java\jre1.8.0_291\bin;C:\Program Files (x86)\NVIDIA Corporation\PhysX\Common;C:\WINDOWS\system32\config\systemprofile\.dnx\bin;C:\Program Files\Microsoft DNX\Dnvm\;C:\Program Files (x86)\Windows Kits\8.1\Windows Performance Toolkit\;C:\WINDOWS\system32;C:\WINDOWS;C:\WINDOWS\System32\Wbem;C:\WINDOWS\System32\WindowsPowerShell\v1.0\;C:\WINDOWS\System32\OpenSSH\;C:\Program Files (x86)\Microsoft SQL Server\150\DTS\Binn\;C:\Program Files\Microsoft SQL Server\Client SDK\ODBC\170\Tools\Binn\;C:\Program Files (x86)\Microsoft SQL Server\150\Tools\Binn\;C:\Program Files\Microsoft SQL Server\150\Tools\Binn\;C:\Program Files\Microsoft SQL Server\150\DTS\Binn\;C:\Program Files\Git\cmd;C:\Users\Maneka Wijesundara\AppData\Local\Programs\Python\Python39\Scripts\;C:\Users\Maneka Wijesundara\AppData\Local\Programs\Python\Python39\;C:\Program Files\Java\jre1.8.0_291\bin;C:\Users\Maneka Wijesundara\AppData\Local\Microsoft\WindowsApps
USERNAME=Maneka Wijesundara
DISPLAY=:0.0
LC_ALL=en_US.UTF-8
OS=Windows_NT
PROCESSOR_IDENTIFIER=Intel64 Family 6 Model 142 Stepping 11, GenuineIntel



---------------  S Y S T E M  ---------------

OS: Windows 10 , 64 bit Build 19041 (10.0.19041.1151)
OS uptime: 2 days 0:03 hours

CPU:total 8 (initial active 8) (4 cores per cpu, 2 threads per core) family 6 model 142 stepping 11, cmov, cx8, fxsr, mmx, sse, sse2, sse3, ssse3, sse4.1, sse4.2, popcnt, avx, avx2, aes, clmul, erms, 3dnowpref, lzcnt, ht, tsc, tscinvbit, bmi1, bmi2, adx, fma

Memory: 4k page, system-wide physical 8078M (863M free)
TotalPageFile size 12078M (AvailPageFile size 37M)
current process WorkingSet (physical memory assigned to process): 9M, peak: 9M
current process commit charge ("private bytes"): 11M, peak: 12M

vm_info: OpenJDK 64-Bit Server VM (11.0.8+10-b944.6842174) for windows-amd64 JRE (11.0.8+10-b944.6842174), built on Sep 19 2020 01:11:42 by "builder" with MS VC++ 14.0 (VS2015)

END.
