#
# There is insufficient memory for the Java Runtime Environment to continue.
# Native memory allocation (malloc) failed to allocate 1450416 bytes for Chunk::new
# Possible reasons:
#   The system is out of physical RAM or swap space
#   The process is running with CompressedOops enabled, and the Java Heap may be blocking the growth of the native heap
# Possible solutions:
#   Reduce memory load on the system
#   Increase physical memory or swap space
#   Check if swap backing store is full
#   Decrease Java heap size (-Xmx/-Xms)
#   Decrease number of Java threads
#   Decrease Java thread stack sizes (-Xss)
#   Set larger code cache with -XX:ReservedCodeCacheSize=
#   JVM is running with Unscaled Compressed Oops mode in which the Java heap is
#     placed in the first 4GB address space. The Java Heap base address is the
#     maximum limit for the native heap growth. Please use -XX:HeapBaseMinAddress
#     to set the Java Heap base and to place the Java Heap above 4GB virtual address.
# This output file may be truncated or incomplete.
#
#  Out of Memory Error (./src/hotspot/share/memory/arena.cpp:197), pid=17020, tid=2604
#
# JRE version: OpenJDK Runtime Environment (11.0.8+10) (build 11.0.8+10-b944.6842174)
# Java VM: OpenJDK 64-Bit Server VM (11.0.8+10-b944.6842174, mixed mode, tiered, compressed oops, g1 gc, windows-amd64)
# No core dump will be written. Minidumps are not enabled by default on client versions of Windows
#

---------------  S U M M A R Y ------------

Command Line: --add-opens=java.base/java.util=ALL-UNNAMED --add-opens=java.base/java.lang=ALL-UNNAMED --add-opens=java.base/java.lang.invoke=ALL-UNNAMED --add-opens=java.prefs/java.util.prefs=ALL-UNNAMED -Xmx2048m -Dfile.encoding=UTF-8 -Duser.country=US -Duser.language=en -Duser.variant org.gradle.launcher.daemon.bootstrap.GradleDaemon 6.7.1

Host: Intel(R) Core(TM) i5-8265U CPU @ 1.60GHz, 8 cores, 7G,  Windows 10 , 64 bit Build 19041 (10.0.19041.1151)
Time: Wed Sep 22 07:38:39 2021 Sri Lanka Standard Time elapsed time: 3977 seconds (0d 1h 6m 17s)

---------------  T H R E A D  ---------------

Current thread (0x0000025c5dd90000):  JavaThread "C2 CompilerThread0" daemon [_thread_in_native, id=2604, stack(0x000000d462400000,0x000000d462500000)]


Current CompileTask:
C2:3977341 21732       4       org.gradle.internal.snapshot.impl.DirectorySnapshotter$PathVisitor::postVisitDirectory (100 bytes)

Stack: [0x000000d462400000,0x000000d462500000]
Native frames: (J=compiled Java code, j=interpreted, Vv=VM code, C=native code)
V  [jvm.dll+0x5de50a]
V  [jvm.dll+0x7122f5]
V  [jvm.dll+0x71384d]
V  [jvm.dll+0x713f03]
V  [jvm.dll+0x23e728]
V  [jvm.dll+0xb899c]
V  [jvm.dll+0xb8e9c]
V  [jvm.dll+0x35024d]
V  [jvm.dll+0x31dea3]
V  [jvm.dll+0x31d39a]
V  [jvm.dll+0x1f7702]
V  [jvm.dll+0x1f68d4]
V  [jvm.dll+0x17f32c]
V  [jvm.dll+0x205047]
V  [jvm.dll+0x203891]
V  [jvm.dll+0x6dad3f]
V  [jvm.dll+0x6d3895]
V  [jvm.dll+0x5dd4a6]
C  [ucrtbase.dll+0x21bb2]
C  [KERNEL32.DLL+0x17034]
C  [ntdll.dll+0x52651]


---------------  P R O C E S S  ---------------

Threads class SMR info:
_java_thread_list=0x0000025c60fa1160, length=165, elements={
0x0000025c43a6d000, 0x0000025c5dd76800, 0x0000025c5dd80000, 0x0000025c5dd8d000,
0x0000025c5dd8f000, 0x0000025c5dd90000, 0x0000025c5dd94000, 0x0000025c5dda0800,
0x0000025c5e848800, 0x0000025c5e858800, 0x0000025c5fc8e800, 0x0000025c60434000,
0x0000025c5fb04000, 0x0000025c6089c000, 0x0000025c6089d000, 0x0000025c6089d800,
0x0000025c62f94000, 0x0000025c62f95800, 0x0000025c60d85000, 0x0000025c6445a000,
0x0000025c6843f000, 0x0000025c64460800, 0x0000025c68441800, 0x0000025c6445a800,
0x0000025c6455a000, 0x0000025c67ebb000, 0x0000025c6087a800, 0x0000025c6819f800,
0x0000025c608a0000, 0x0000025c60871800, 0x0000025c6086f000, 0x0000025c64558800,
0x0000025c64555000, 0x0000025c6455b800, 0x0000025c64556000, 0x0000025c6455c800,
0x0000025c64556800, 0x0000025c6455d000, 0x0000025c64557800, 0x0000025c64563000,
0x0000025c6455f800, 0x0000025c64560800, 0x0000025c6455f000, 0x0000025c64562000,
0x0000025c6455e000, 0x0000025c64561800, 0x0000025c67eae800, 0x0000025c67eaf800,
0x0000025c67eb2800, 0x0000025c67eb1000, 0x0000025c67eb0800, 0x0000025c67eb2000,
0x0000025c67eb3800, 0x0000025c67eae000, 0x0000025c67eb9800, 0x0000025c67eb4800,
0x0000025c67eb8800, 0x0000025c67eb6000, 0x0000025c67eb7800, 0x0000025c67eba000,
0x0000025c67eb5000, 0x0000025c67ebb800, 0x0000025c67ebc800, 0x0000025c67eb7000,
0x0000025c68438800, 0x0000025c6843d800, 0x0000025c68439800, 0x0000025c6843b000,
0x0000025c6843a000, 0x0000025c6843c000, 0x0000025c6843c800, 0x0000025c68438000,
0x0000025c68444000, 0x0000025c68442800, 0x0000025c68440000, 0x0000025c68443000,
0x0000025c6843e800, 0x0000025c68445000, 0x0000025c68446800, 0x0000025c68441000,
0x0000025c68445800, 0x0000025c60d7a000, 0x0000025c60d77800, 0x0000025c60d7d800,
0x0000025c60d7c800, 0x0000025c60d7e000, 0x0000025c60d79800, 0x0000025c60d78800,
0x0000025c60d7b000, 0x0000025c60d7f000, 0x0000025c60d81800, 0x0000025c60d7c000,
0x0000025c60d82800, 0x0000025c60d80000, 0x0000025c60d80800, 0x0000025c60d83000,
0x0000025c60d84000, 0x0000025c681a2000, 0x0000025c681a0800, 0x0000025c681a2800,
0x0000025c6819e800, 0x0000025c681a5000, 0x0000025c681a9000, 0x0000025c681a6000,
0x0000025c681a7000, 0x0000025c681a8800, 0x0000025c681a3800, 0x0000025c681aa000,
0x0000025c681a4800, 0x0000025c681ab800, 0x0000025c681ac800, 0x0000025c681ad800,
0x0000025c62f97000, 0x0000025c62f99800, 0x0000025c62f98800, 0x0000025c62f96000,
0x0000025c62f98000, 0x0000025c62f9a800, 0x0000025c62f94800, 0x0000025c62fa1800,
0x0000025c62f9f000, 0x0000025c62f9e800, 0x0000025c62f9d000, 0x0000025c62fa0000,
0x0000025c62fa1000, 0x0000025c62fa2800, 0x0000025c62f9d800, 0x0000025c6445c800,
0x0000025c6445e000, 0x0000025c64458800, 0x0000025c64459000, 0x0000025c60879800,
0x0000025c6445f000, 0x0000025c6445d000, 0x0000025c6445f800, 0x0000025c64461800,
0x0000025c6445b800, 0x0000025c64465800, 0x0000025c64466000, 0x0000025c64462000,
0x0000025c64463000, 0x0000025c64464800, 0x0000025c64467000, 0x0000025c64463800,
0x0000025c60870800, 0x0000025c6086c800, 0x0000025c60870000, 0x0000025c60872000,
0x0000025c6086d800, 0x0000025c6086e000, 0x0000025c60877000, 0x0000025c60879000,
0x0000025c60876800, 0x0000025c60874800, 0x0000025c60873000, 0x0000025c60878000,
0x0000025c60874000, 0x0000025c6087b000, 0x0000025c60875800, 0x0000025c6089e800,
0x0000025c6089f800, 0x0000025c608a1000, 0x0000025c6089b800, 0x0000025c608a2000,
0x0000025c64554000
}

Java Threads: ( => current thread )
  0x0000025c43a6d000 JavaThread "main" [_thread_blocked, id=3012, stack(0x000000d461900000,0x000000d461a00000)]
  0x0000025c5dd76800 JavaThread "Reference Handler" daemon [_thread_blocked, id=9140, stack(0x000000d462000000,0x000000d462100000)]
  0x0000025c5dd80000 JavaThread "Finalizer" daemon [_thread_blocked, id=9332, stack(0x000000d462100000,0x000000d462200000)]
  0x0000025c5dd8d000 JavaThread "Signal Dispatcher" daemon [_thread_blocked, id=15128, stack(0x000000d462200000,0x000000d462300000)]
  0x0000025c5dd8f000 JavaThread "Attach Listener" daemon [_thread_blocked, id=13464, stack(0x000000d462300000,0x000000d462400000)]
=>0x0000025c5dd90000 JavaThread "C2 CompilerThread0" daemon [_thread_in_native, id=2604, stack(0x000000d462400000,0x000000d462500000)]
  0x0000025c5dd94000 JavaThread "C1 CompilerThread0" daemon [_thread_blocked, id=14560, stack(0x000000d462500000,0x000000d462600000)]
  0x0000025c5dda0800 JavaThread "Sweeper thread" daemon [_thread_blocked, id=16084, stack(0x000000d462600000,0x000000d462700000)]
  0x0000025c5e848800 JavaThread "Common-Cleaner" daemon [_thread_blocked, id=17824, stack(0x000000d462700000,0x000000d462800000)]
  0x0000025c5e858800 JavaThread "Service Thread" daemon [_thread_blocked, id=3476, stack(0x000000d462800000,0x000000d462900000)]
  0x0000025c5fc8e800 JavaThread "Daemon health stats" [_thread_blocked, id=9432, stack(0x000000d462d00000,0x000000d462e00000)]
  0x0000025c60434000 JavaThread "Incoming local TCP Connector on port 57280" [_thread_in_native, id=16844, stack(0x000000d462f00000,0x000000d463000000)]
  0x0000025c5fb04000 JavaThread "Daemon periodic checks" [_thread_blocked, id=18448, stack(0x000000d463000000,0x000000d463100000)]
  0x0000025c6089c000 JavaThread "Cache worker for file hash cache (C:\Users\Maneka Wijesundara\.gradle\caches\6.7.1\fileHashes)" [_thread_blocked, id=5396, stack(0x000000d463e00000,0x000000d463f00000)]
  0x0000025c6089d000 JavaThread "File lock request listener" [_thread_in_native, id=15688, stack(0x000000d463f00000,0x000000d464000000)]
  0x0000025c6089d800 JavaThread "Cache worker for journal cache (C:\Users\Maneka Wijesundara\.gradle\caches\journal-1)" [_thread_blocked, id=14516, stack(0x000000d464100000,0x000000d464200000)]
  0x0000025c62f94000 JavaThread "Cache worker for execution history cache (C:\Users\Maneka Wijesundara\.gradle\caches\6.7.1\executionHistory)" [_thread_blocked, id=9548, stack(0x000000d465c00000,0x000000d465d00000)]
  0x0000025c62f95800 JavaThread "Cache worker for file content cache (C:\Users\Maneka Wijesundara\.gradle\caches\6.7.1\fileContent)" [_thread_blocked, id=12072, stack(0x000000d465d00000,0x000000d465e00000)]
  0x0000025c60d85000 JavaThread "Memory manager" [_thread_blocked, id=18896, stack(0x000000d46b400000,0x000000d46b500000)]
  0x0000025c6445a000 JavaThread "pool-3-thread-1" [_thread_blocked, id=10416, stack(0x000000d46b500000,0x000000d46b600000)]
  0x0000025c6843f000 JavaThread "pool-6-thread-1" [_thread_blocked, id=20144, stack(0x000000d46b300000,0x000000d46b400000)]
  0x0000025c64460800 JavaThread "pool-9-thread-1" [_thread_blocked, id=19828, stack(0x000000d46b600000,0x000000d46b700000)]
  0x0000025c68441800 JavaThread "pool-12-thread-1" [_thread_blocked, id=13048, stack(0x000000d46b200000,0x000000d46b300000)]
  0x0000025c6445a800 JavaThread "pool-15-thread-1" [_thread_blocked, id=11120, stack(0x000000d465800000,0x000000d465900000)]
  0x0000025c6455a000 JavaThread "pool-18-thread-1" [_thread_blocked, id=14620, stack(0x000000d46b100000,0x000000d46b200000)]
  0x0000025c67ebb000 JavaThread "pool-21-thread-1" [_thread_blocked, id=18900, stack(0x000000d46b700000,0x000000d46b800000)]
  0x0000025c6087a800 JavaThread "pool-24-thread-1" [_thread_blocked, id=14484, stack(0x000000d46b800000,0x000000d46b900000)]
  0x0000025c6819f800 JavaThread "pool-27-thread-1" [_thread_blocked, id=3920, stack(0x000000d46bb00000,0x000000d46bc00000)]
  0x0000025c608a0000 JavaThread "Cache worker for Java compile cache (C:\Users\Maneka Wijesundara\.gradle\caches\6.7.1\javaCompile)" [_thread_blocked, id=12100, stack(0x000000d46ca00000,0x000000d46cb00000)]
  0x0000025c60871800 JavaThread "Daemon Thread 7" [_thread_blocked, id=5100, stack(0x000000d461600000,0x000000d461700000)]
  0x0000025c6086f000 JavaThread "Daemon worker Thread 7" [_thread_blocked, id=7716, stack(0x000000d462a00000,0x000000d462b00000)]
  0x0000025c64558800 JavaThread "jar transforms Thread 595" [_thread_blocked, id=3860, stack(0x000000d464b00000,0x000000d464c00000)]
  0x0000025c64555000 JavaThread "jar transforms Thread 596" [_thread_blocked, id=18288, stack(0x000000d464c00000,0x000000d464d00000)]
  0x0000025c6455b800 JavaThread "jar transforms Thread 597" [_thread_blocked, id=16816, stack(0x000000d464d00000,0x000000d464e00000)]
  0x0000025c64556000 JavaThread "jar transforms Thread 598" [_thread_blocked, id=13876, stack(0x000000d464e00000,0x000000d464f00000)]
  0x0000025c6455c800 JavaThread "jar transforms Thread 599" [_thread_blocked, id=20372, stack(0x000000d464f00000,0x000000d465000000)]
  0x0000025c64556800 JavaThread "jar transforms Thread 600" [_thread_blocked, id=12712, stack(0x000000d465000000,0x000000d465100000)]
  0x0000025c6455d000 JavaThread "jar transforms Thread 601" [_thread_blocked, id=9668, stack(0x000000d465100000,0x000000d465200000)]
  0x0000025c64557800 JavaThread "jar transforms Thread 602" [_thread_blocked, id=16612, stack(0x000000d465200000,0x000000d465300000)]
  0x0000025c64563000 JavaThread "jar transforms Thread 603" [_thread_blocked, id=18720, stack(0x000000d465300000,0x000000d465400000)]
  0x0000025c6455f800 JavaThread "jar transforms Thread 604" [_thread_blocked, id=18552, stack(0x000000d465400000,0x000000d465500000)]
  0x0000025c64560800 JavaThread "jar transforms Thread 605" [_thread_blocked, id=15596, stack(0x000000d465500000,0x000000d465600000)]
  0x0000025c6455f000 JavaThread "jar transforms Thread 606" [_thread_blocked, id=19992, stack(0x000000d465600000,0x000000d465700000)]
  0x0000025c64562000 JavaThread "jar transforms Thread 607" [_thread_blocked, id=18840, stack(0x000000d465700000,0x000000d465800000)]
  0x0000025c6455e000 JavaThread "jar transforms Thread 608" [_thread_blocked, id=7896, stack(0x000000d465900000,0x000000d465a00000)]
  0x0000025c64561800 JavaThread "jar transforms Thread 609" [_thread_blocked, id=10912, stack(0x000000d465a00000,0x000000d465b00000)]
  0x0000025c67eae800 JavaThread "jar transforms Thread 610" [_thread_blocked, id=9184, stack(0x000000d465b00000,0x000000d465c00000)]
  0x0000025c67eaf800 JavaThread "jar transforms Thread 611" [_thread_blocked, id=11452, stack(0x000000d465e00000,0x000000d465f00000)]
  0x0000025c67eb2800 JavaThread "jar transforms Thread 612" [_thread_blocked, id=18292, stack(0x000000d465f00000,0x000000d466000000)]
  0x0000025c67eb1000 JavaThread "jar transforms Thread 613" [_thread_blocked, id=6456, stack(0x000000d466000000,0x000000d466100000)]
  0x0000025c67eb0800 JavaThread "jar transforms Thread 614" [_thread_blocked, id=5680, stack(0x000000d466100000,0x000000d466200000)]
  0x0000025c67eb2000 JavaThread "jar transforms Thread 615" [_thread_blocked, id=13768, stack(0x000000d466200000,0x000000d466300000)]
  0x0000025c67eb3800 JavaThread "jar transforms Thread 616" [_thread_blocked, id=10916, stack(0x000000d466300000,0x000000d466400000)]
  0x0000025c67eae000 JavaThread "jar transforms Thread 617" [_thread_blocked, id=17336, stack(0x000000d466400000,0x000000d466500000)]
  0x0000025c67eb9800 JavaThread "jar transforms Thread 618" [_thread_blocked, id=2252, stack(0x000000d466500000,0x000000d466600000)]
  0x0000025c67eb4800 JavaThread "jar transforms Thread 619" [_thread_blocked, id=10828, stack(0x000000d466600000,0x000000d466700000)]
  0x0000025c67eb8800 JavaThread "jar transforms Thread 620" [_thread_blocked, id=4852, stack(0x000000d466700000,0x000000d466800000)]
  0x0000025c67eb6000 JavaThread "jar transforms Thread 621" [_thread_blocked, id=9236, stack(0x000000d466800000,0x000000d466900000)]
  0x0000025c67eb7800 JavaThread "jar transforms Thread 622" [_thread_blocked, id=7036, stack(0x000000d466900000,0x000000d466a00000)]
  0x0000025c67eba000 JavaThread "jar transforms Thread 623" [_thread_blocked, id=17720, stack(0x000000d466a00000,0x000000d466b00000)]
  0x0000025c67eb5000 JavaThread "jar transforms Thread 624" [_thread_blocked, id=19784, stack(0x000000d466b00000,0x000000d466c00000)]
  0x0000025c67ebb800 JavaThread "jar transforms Thread 625" [_thread_blocked, id=16872, stack(0x000000d466c00000,0x000000d466d00000)]
  0x0000025c67ebc800 JavaThread "jar transforms Thread 626" [_thread_blocked, id=18008, stack(0x000000d466d00000,0x000000d466e00000)]
  0x0000025c67eb7000 JavaThread "jar transforms Thread 627" [_thread_blocked, id=4724, stack(0x000000d466e00000,0x000000d466f00000)]
  0x0000025c68438800 JavaThread "jar transforms Thread 628" [_thread_blocked, id=6420, stack(0x000000d466f00000,0x000000d467000000)]
  0x0000025c6843d800 JavaThread "jar transforms Thread 629" [_thread_blocked, id=4884, stack(0x000000d467000000,0x000000d467100000)]
  0x0000025c68439800 JavaThread "jar transforms Thread 630" [_thread_blocked, id=15400, stack(0x000000d467100000,0x000000d467200000)]
  0x0000025c6843b000 JavaThread "jar transforms Thread 631" [_thread_blocked, id=19168, stack(0x000000d467200000,0x000000d467300000)]
  0x0000025c6843a000 JavaThread "jar transforms Thread 632" [_thread_blocked, id=6468, stack(0x000000d467300000,0x000000d467400000)]
  0x0000025c6843c000 JavaThread "jar transforms Thread 633" [_thread_blocked, id=13872, stack(0x000000d467400000,0x000000d467500000)]
  0x0000025c6843c800 JavaThread "jar transforms Thread 634" [_thread_blocked, id=19972, stack(0x000000d467500000,0x000000d467600000)]
  0x0000025c68438000 JavaThread "jar transforms Thread 635" [_thread_blocked, id=18264, stack(0x000000d467600000,0x000000d467700000)]
  0x0000025c68444000 JavaThread "jar transforms Thread 636" [_thread_blocked, id=6108, stack(0x000000d467700000,0x000000d467800000)]
  0x0000025c68442800 JavaThread "jar transforms Thread 637" [_thread_blocked, id=14764, stack(0x000000d467800000,0x000000d467900000)]
  0x0000025c68440000 JavaThread "jar transforms Thread 638" [_thread_blocked, id=16624, stack(0x000000d467900000,0x000000d467a00000)]
  0x0000025c68443000 JavaThread "jar transforms Thread 639" [_thread_blocked, id=6764, stack(0x000000d467a00000,0x000000d467b00000)]
  0x0000025c6843e800 JavaThread "jar transforms Thread 640" [_thread_blocked, id=11476, stack(0x000000d467b00000,0x000000d467c00000)]
  0x0000025c68445000 JavaThread "jar transforms Thread 641" [_thread_blocked, id=15036, stack(0x000000d467c00000,0x000000d467d00000)]
  0x0000025c68446800 JavaThread "jar transforms Thread 642" [_thread_blocked, id=7148, stack(0x000000d467d00000,0x000000d467e00000)]
  0x0000025c68441000 JavaThread "jar transforms Thread 643" [_thread_blocked, id=17372, stack(0x000000d467e00000,0x000000d467f00000)]
  0x0000025c68445800 JavaThread "jar transforms Thread 644" [_thread_blocked, id=3572, stack(0x000000d467f00000,0x000000d468000000)]
  0x0000025c60d7a000 JavaThread "jar transforms Thread 645" [_thread_blocked, id=2848, stack(0x000000d468000000,0x000000d468100000)]
  0x0000025c60d77800 JavaThread "jar transforms Thread 646" [_thread_blocked, id=17216, stack(0x000000d468100000,0x000000d468200000)]
  0x0000025c60d7d800 JavaThread "jar transforms Thread 647" [_thread_blocked, id=12980, stack(0x000000d468200000,0x000000d468300000)]
  0x0000025c60d7c800 JavaThread "jar transforms Thread 648" [_thread_blocked, id=13784, stack(0x000000d468300000,0x000000d468400000)]
  0x0000025c60d7e000 JavaThread "jar transforms Thread 649" [_thread_blocked, id=13968, stack(0x000000d468400000,0x000000d468500000)]
  0x0000025c60d79800 JavaThread "jar transforms Thread 650" [_thread_blocked, id=18932, stack(0x000000d468500000,0x000000d468600000)]
  0x0000025c60d78800 JavaThread "jar transforms Thread 651" [_thread_blocked, id=12384, stack(0x000000d468600000,0x000000d468700000)]
  0x0000025c60d7b000 JavaThread "jar transforms Thread 652" [_thread_blocked, id=19860, stack(0x000000d468700000,0x000000d468800000)]
  0x0000025c60d7f000 JavaThread "jar transforms Thread 653" [_thread_blocked, id=13020, stack(0x000000d468800000,0x000000d468900000)]
  0x0000025c60d81800 JavaThread "jar transforms Thread 654" [_thread_blocked, id=3192, stack(0x000000d468900000,0x000000d468a00000)]
  0x0000025c60d7c000 JavaThread "jar transforms Thread 655" [_thread_blocked, id=8852, stack(0x000000d468a00000,0x000000d468b00000)]
  0x0000025c60d82800 JavaThread "jar transforms Thread 656" [_thread_blocked, id=14780, stack(0x000000d468b00000,0x000000d468c00000)]
  0x0000025c60d80000 JavaThread "jar transforms Thread 657" [_thread_blocked, id=15944, stack(0x000000d468c00000,0x000000d468d00000)]
  0x0000025c60d80800 JavaThread "jar transforms Thread 658" [_thread_blocked, id=10280, stack(0x000000d468d00000,0x000000d468e00000)]
  0x0000025c60d83000 JavaThread "jar transforms Thread 659" [_thread_blocked, id=18376, stack(0x000000d468e00000,0x000000d468f00000)]
  0x0000025c60d84000 JavaThread "jar transforms Thread 660" [_thread_blocked, id=8880, stack(0x000000d468f00000,0x000000d469000000)]
  0x0000025c681a2000 JavaThread "jar transforms Thread 661" [_thread_blocked, id=10436, stack(0x000000d469000000,0x000000d469100000)]
  0x0000025c681a0800 JavaThread "jar transforms Thread 662" [_thread_blocked, id=9776, stack(0x000000d469100000,0x000000d469200000)]
  0x0000025c681a2800 JavaThread "jar transforms Thread 663" [_thread_blocked, id=18800, stack(0x000000d469200000,0x000000d469300000)]
  0x0000025c6819e800 JavaThread "jar transforms Thread 664" [_thread_blocked, id=18752, stack(0x000000d469300000,0x000000d469400000)]
  0x0000025c681a5000 JavaThread "jar transforms Thread 665" [_thread_blocked, id=12584, stack(0x000000d469400000,0x000000d469500000)]
  0x0000025c681a9000 JavaThread "jar transforms Thread 666" [_thread_blocked, id=20224, stack(0x000000d469500000,0x000000d469600000)]
  0x0000025c681a6000 JavaThread "jar transforms Thread 667" [_thread_blocked, id=15240, stack(0x000000d469600000,0x000000d469700000)]
  0x0000025c681a7000 JavaThread "jar transforms Thread 668" [_thread_blocked, id=18968, stack(0x000000d469700000,0x000000d469800000)]
  0x0000025c681a8800 JavaThread "jar transforms Thread 669" [_thread_blocked, id=15784, stack(0x000000d469800000,0x000000d469900000)]
  0x0000025c681a3800 JavaThread "jar transforms Thread 670" [_thread_blocked, id=14792, stack(0x000000d469900000,0x000000d469a00000)]
  0x0000025c681aa000 JavaThread "jar transforms Thread 671" [_thread_blocked, id=5232, stack(0x000000d469a00000,0x000000d469b00000)]
  0x0000025c681a4800 JavaThread "jar transforms Thread 672" [_thread_blocked, id=11988, stack(0x000000d469b00000,0x000000d469c00000)]
  0x0000025c681ab800 JavaThread "jar transforms Thread 673" [_thread_blocked, id=4016, stack(0x000000d469c00000,0x000000d469d00000)]
  0x0000025c681ac800 JavaThread "jar transforms Thread 674" [_thread_blocked, id=5864, stack(0x000000d469d00000,0x000000d469e00000)]
  0x0000025c681ad800 JavaThread "jar transforms Thread 675" [_thread_blocked, id=20276, stack(0x000000d469e00000,0x000000d469f00000)]
  0x0000025c62f97000 JavaThread "jar transforms Thread 676" [_thread_blocked, id=18972, stack(0x000000d469f00000,0x000000d46a000000)]
  0x0000025c62f99800 JavaThread "jar transforms Thread 677" [_thread_blocked, id=18488, stack(0x000000d46a000000,0x000000d46a100000)]
  0x0000025c62f98800 JavaThread "jar transforms Thread 678" [_thread_blocked, id=18796, stack(0x000000d46a100000,0x000000d46a200000)]
  0x0000025c62f96000 JavaThread "jar transforms Thread 679" [_thread_blocked, id=2112, stack(0x000000d46a200000,0x000000d46a300000)]
  0x0000025c62f98000 JavaThread "jar transforms Thread 680" [_thread_blocked, id=17008, stack(0x000000d46a300000,0x000000d46a400000)]
  0x0000025c62f9a800 JavaThread "jar transforms Thread 681" [_thread_blocked, id=19336, stack(0x000000d46a400000,0x000000d46a500000)]
  0x0000025c62f94800 JavaThread "jar transforms Thread 682" [_thread_blocked, id=17360, stack(0x000000d46a500000,0x000000d46a600000)]
  0x0000025c62fa1800 JavaThread "jar transforms Thread 683" [_thread_blocked, id=18684, stack(0x000000d46a600000,0x000000d46a700000)]
  0x0000025c62f9f000 JavaThread "jar transforms Thread 684" [_thread_blocked, id=15776, stack(0x000000d46a700000,0x000000d46a800000)]
  0x0000025c62f9e800 JavaThread "jar transforms Thread 685" [_thread_blocked, id=17748, stack(0x000000d46a800000,0x000000d46a900000)]
  0x0000025c62f9d000 JavaThread "jar transforms Thread 686" [_thread_blocked, id=19868, stack(0x000000d46a900000,0x000000d46aa00000)]
  0x0000025c62fa0000 JavaThread "jar transforms Thread 687" [_thread_blocked, id=17756, stack(0x000000d46aa00000,0x000000d46ab00000)]
  0x0000025c62fa1000 JavaThread "jar transforms Thread 688" [_thread_blocked, id=19724, stack(0x000000d46ab00000,0x000000d46ac00000)]
  0x0000025c62fa2800 JavaThread "jar transforms Thread 689" [_thread_blocked, id=2168, stack(0x000000d46ac00000,0x000000d46ad00000)]
  0x0000025c62f9d800 JavaThread "jar transforms Thread 690" [_thread_blocked, id=13800, stack(0x000000d46ad00000,0x000000d46ae00000)]
  0x0000025c6445c800 JavaThread "jar transforms Thread 691" [_thread_blocked, id=17880, stack(0x000000d46ae00000,0x000000d46af00000)]
  0x0000025c6445e000 JavaThread "jar transforms Thread 692" [_thread_blocked, id=9312, stack(0x000000d46af00000,0x000000d46b000000)]
  0x0000025c64458800 JavaThread "jar transforms Thread 693" [_thread_blocked, id=280, stack(0x000000d46b000000,0x000000d46b100000)]
  0x0000025c64459000 JavaThread "pool-31-thread-1" [_thread_blocked, id=7480, stack(0x000000d46ba00000,0x000000d46bb00000)]
  0x0000025c60879800 JavaThread "pool-34-thread-1" [_thread_blocked, id=9680, stack(0x000000d46bc00000,0x000000d46bd00000)]
  0x0000025c6445f000 JavaThread "pool-37-thread-1" [_thread_blocked, id=19124, stack(0x000000d46bd00000,0x000000d46be00000)]
  0x0000025c6445d000 JavaThread "pool-40-thread-1" [_thread_blocked, id=18480, stack(0x000000d46be00000,0x000000d46bf00000)]
  0x0000025c6445f800 JavaThread "Handler for socket connection from /127.0.0.1:57280 to /127.0.0.1:55240" [_thread_in_native, id=20160, stack(0x000000d461700000,0x000000d461800000)]
  0x0000025c64461800 JavaThread "Cancel handler" [_thread_blocked, id=13300, stack(0x000000d461800000,0x000000d461900000)]
  0x0000025c6445b800 JavaThread "Asynchronous log dispatcher for DefaultDaemonConnection: socket connection from /127.0.0.1:57280 to /127.0.0.1:55240" [_thread_blocked, id=16352, stack(0x000000d462e00000,0x000000d462f00000)]
  0x0000025c64465800 JavaThread "Stdin handler" [_thread_blocked, id=20396, stack(0x000000d463100000,0x000000d463200000)]
  0x0000025c64466000 JavaThread "Thread-1052" [_thread_blocked, id=16096, stack(0x000000d463200000,0x000000d463300000)]
  0x0000025c64462000 JavaThread "Cache worker for file hash cache (C:\Users\Maneka Wijesundara\AndroidStudioProjects\MAADProjectThree\.gradle\6.7.1\fileHashes)" [_thread_blocked, id=15392, stack(0x000000d463300000,0x000000d463400000)]
  0x0000025c64463000 JavaThread "Cache worker for checksums cache (C:\Users\Maneka Wijesundara\AndroidStudioProjects\MAADProjectThree\.gradle\checksums)" [_thread_blocked, id=18424, stack(0x000000d463400000,0x000000d463500000)]
  0x0000025c64464800 JavaThread "Cache worker for cache directory md-supplier (C:\Users\Maneka Wijesundara\.gradle\caches\6.7.1\md-supplier)" [_thread_blocked, id=19520, stack(0x000000d463500000,0x000000d463600000)]
  0x0000025c64467000 JavaThread "Cache worker for cache directory md-rule (C:\Users\Maneka Wijesundara\.gradle\caches\6.7.1\md-rule)" [_thread_blocked, id=14732, stack(0x000000d463600000,0x000000d463700000)]
  0x0000025c64463800 JavaThread "Cache worker for Build Output Cleanup Cache (C:\Users\Maneka Wijesundara\AndroidStudioProjects\MAADProjectThree\.gradle\buildOutputCleanup)" [_thread_blocked, id=14892, stack(0x000000d463700000,0x000000d463800000)]
  0x0000025c60870800 JavaThread "Build operations" [_thread_blocked, id=18984, stack(0x000000d464200000,0x000000d464300000)]
  0x0000025c6086c800 JavaThread "Build operations Thread 2" [_thread_blocked, id=17460, stack(0x000000d464300000,0x000000d464400000)]
  0x0000025c60870000 JavaThread "Build operations Thread 3" [_thread_blocked, id=7688, stack(0x000000d464400000,0x000000d464500000)]
  0x0000025c60872000 JavaThread "Build operations Thread 4" [_thread_blocked, id=11520, stack(0x000000d464500000,0x000000d464600000)]
  0x0000025c6086d800 JavaThread "Build operations Thread 5" [_thread_blocked, id=18744, stack(0x000000d464600000,0x000000d464700000)]
  0x0000025c6086e000 JavaThread "Build operations Thread 6" [_thread_blocked, id=15456, stack(0x000000d464700000,0x000000d464800000)]
  0x0000025c60877000 JavaThread "Build operations Thread 7" [_thread_blocked, id=6460, stack(0x000000d464800000,0x000000d464900000)]
  0x0000025c60879000 JavaThread "Build operations Thread 8" [_thread_blocked, id=13524, stack(0x000000d464900000,0x000000d464a00000)]
  0x0000025c60876800 JavaThread "C2 CompilerThread1" daemon [_thread_in_native, id=15964, stack(0x000000d464a00000,0x000000d464b00000)]
  0x0000025c60874800 JavaThread "build event listener" [_thread_blocked, id=3700, stack(0x000000d46b900000,0x000000d46ba00000)]
  0x0000025c60873000 JavaThread "pool-43-thread-1" [_thread_blocked, id=16080, stack(0x000000d46bf00000,0x000000d46c000000)]
  0x0000025c60878000 JavaThread "build event listener" [_thread_blocked, id=14004, stack(0x000000d46c000000,0x000000d46c100000)]
  0x0000025c60874000 JavaThread "Execution worker for ':'" [_thread_in_native, id=18308, stack(0x000000d46c100000,0x000000d46c200000)]
  0x0000025c6087b000 JavaThread "Execution worker for ':' Thread 2" [_thread_blocked, id=9488, stack(0x000000d46c200000,0x000000d46c300000)]
  0x0000025c60875800 JavaThread "Execution worker for ':' Thread 3" [_thread_blocked, id=13724, stack(0x000000d46c300000,0x000000d46c400000)]
  0x0000025c6089e800 JavaThread "Execution worker for ':' Thread 4" [_thread_blocked, id=9624, stack(0x000000d46c400000,0x000000d46c500000)]
  0x0000025c6089f800 JavaThread "Execution worker for ':' Thread 5" [_thread_blocked, id=19508, stack(0x000000d46c500000,0x000000d46c600000)]
  0x0000025c608a1000 JavaThread "Execution worker for ':' Thread 6" [_thread_blocked, id=10268, stack(0x000000d46c600000,0x000000d46c700000)]
  0x0000025c6089b800 JavaThread "Execution worker for ':' Thread 7" [_thread_blocked, id=14668, stack(0x000000d46c700000,0x000000d46c800000)]
  0x0000025c608a2000 JavaThread "Cache worker for execution history cache (C:\Users\Maneka Wijesundara\AndroidStudioProjects\MAADProjectThree\.gradle\6.7.1\executionHistory)" [_thread_blocked, id=14840, stack(0x000000d46c800000,0x000000d46c900000)]
  0x0000025c64554000 JavaThread "Cache worker for Java compile cache (C:\Users\Maneka Wijesundara\AndroidStudioProjects\MAADProjectThree\.gradle\6.7.1\javaCompile)" [_thread_blocked, id=3296, stack(0x000000d46c900000,0x000000d46ca00000)]

Other Threads:
  0x0000025c5dd70800 VMThread "VM Thread" [stack: 0x000000d461f00000,0x000000d462000000] [id=14388]
  0x0000025c5e859800 WatcherThread [stack: 0x000000d462900000,0x000000d462a00000] [id=20236]
  0x0000025c43a84000 GCTaskThread "GC Thread#0" [stack: 0x000000d461a00000,0x000000d461b00000] [id=14768]
  0x0000025c5f72a800 GCTaskThread "GC Thread#1" [stack: 0x000000d462b00000,0x000000d462c00000] [id=13572]
  0x0000025c5f109000 GCTaskThread "GC Thread#2" [stack: 0x000000d462c00000,0x000000d462d00000] [id=17412]
  0x0000025c60848000 GCTaskThread "GC Thread#3" [stack: 0x000000d463800000,0x000000d463900000] [id=11856]
  0x0000025c6052b800 GCTaskThread "GC Thread#4" [stack: 0x000000d463900000,0x000000d463a00000] [id=16492]
  0x0000025c5fd34800 GCTaskThread "GC Thread#5" [stack: 0x000000d463a00000,0x000000d463b00000] [id=15476]
  0x0000025c5fbd3800 GCTaskThread "GC Thread#6" [stack: 0x000000d463b00000,0x000000d463c00000] [id=16568]
  0x0000025c5fbc4000 GCTaskThread "GC Thread#7" [stack: 0x000000d463c00000,0x000000d463d00000] [id=19996]
  0x0000025c43ab5800 ConcurrentGCThread "G1 Main Marker" [stack: 0x000000d461b00000,0x000000d461c00000] [id=12300]
  0x0000025c43ab7000 ConcurrentGCThread "G1 Conc#0" [stack: 0x000000d461c00000,0x000000d461d00000] [id=10648]
  0x0000025c5e7c4800 ConcurrentGCThread "G1 Conc#1" [stack: 0x000000d464000000,0x000000d464100000] [id=12024]
  0x0000025c43b4e800 ConcurrentGCThread "G1 Refine#0" [stack: 0x000000d461d00000,0x000000d461e00000] [id=19728]
  0x0000025c5ff6d800 ConcurrentGCThread "G1 Refine#1" [stack: 0x000000d463d00000,0x000000d463e00000] [id=18696]
  0x0000025c5dbc0800 ConcurrentGCThread "G1 Young RemSet Sampling" [stack: 0x000000d461e00000,0x000000d461f00000] [id=16108]

Threads with active compile tasks:
C2 CompilerThread03977669 21732       4       org.gradle.internal.snapshot.impl.DirectorySnapshotter$PathVisitor::postVisitDirectory (100 bytes)
C2 CompilerThread13977669 21728       4       org.gradle.internal.snapshot.impl.DirectorySnapshotter$PathVisitor::postVisitDirectory (10 bytes)

VM state:not at safepoint (normal execution)

VM Mutex/Monitor currently owned by a thread: None

Heap address: 0x0000000080000000, size: 2048 MB, Compressed Oops mode: 32-bit
Narrow klass base: 0x0000000000000000, Narrow klass shift: 3
Compressed class space size: 1073741824 Address: 0x0000000100000000

Heap:
 garbage-first heap   total 210944K, used 160478K [0x0000000080000000, 0x0000000100000000)
  region size 1024K, 10 young (10240K), 4 survivors (4096K)
 Metaspace       used 125804K, capacity 129286K, committed 129788K, reserved 1163264K
  class space    used 15484K, capacity 16667K, committed 16768K, reserved 1048576K
Heap Regions: E=young(eden), S=young(survivor), O=old, HS=humongous(starts), HC=humongous(continues), CS=collection set, F=free, A=archive, TAMS=top-at-mark-start (previous, next)
|   0|0x0000000080000000, 0x0000000080100000, 0x0000000080100000|100%| O|  |TAMS 0x0000000080100000, 0x0000000080000000| Untracked 
|   1|0x0000000080100000, 0x0000000080200000, 0x0000000080200000|100%| O|  |TAMS 0x0000000080200000, 0x0000000080100000| Untracked 
|   2|0x0000000080200000, 0x0000000080300000, 0x0000000080300000|100%| O|  |TAMS 0x0000000080300000, 0x0000000080200000| Untracked 
|   3|0x0000000080300000, 0x0000000080400000, 0x0000000080400000|100%|HS|  |TAMS 0x0000000080400000, 0x0000000080300000| Complete 
|   4|0x0000000080400000, 0x0000000080500000, 0x0000000080500000|100%|HC|  |TAMS 0x0000000080500000, 0x0000000080400000| Complete 
|   5|0x0000000080500000, 0x0000000080600000, 0x0000000080600000|100%|HC|  |TAMS 0x0000000080600000, 0x0000000080500000| Complete 
|   6|0x0000000080600000, 0x0000000080700000, 0x0000000080700000|100%| O|  |TAMS 0x0000000080700000, 0x0000000080600000| Untracked 
|   7|0x0000000080700000, 0x0000000080800000, 0x0000000080800000|100%| O|  |TAMS 0x0000000080800000, 0x0000000080700000| Untracked 
|   8|0x0000000080800000, 0x0000000080900000, 0x0000000080900000|100%| O|  |TAMS 0x0000000080900000, 0x0000000080800000| Untracked 
|   9|0x0000000080900000, 0x0000000080a00000, 0x0000000080a00000|100%| O|  |TAMS 0x0000000080a00000, 0x0000000080900000| Untracked 
|  10|0x0000000080a00000, 0x0000000080b00000, 0x0000000080b00000|100%| O|  |TAMS 0x0000000080b00000, 0x0000000080a00000| Untracked 
|  11|0x0000000080b00000, 0x0000000080c00000, 0x0000000080c00000|100%| O|  |TAMS 0x0000000080c00000, 0x0000000080b00000| Untracked 
|  12|0x0000000080c00000, 0x0000000080d00000, 0x0000000080d00000|100%| O|  |TAMS 0x0000000080d00000, 0x0000000080c00000| Untracked 
|  13|0x0000000080d00000, 0x0000000080e00000, 0x0000000080e00000|100%| O|  |TAMS 0x0000000080e00000, 0x0000000080d00000| Untracked 
|  14|0x0000000080e00000, 0x0000000080f00000, 0x0000000080f00000|100%| O|  |TAMS 0x0000000080f00000, 0x0000000080e00000| Untracked 
|  15|0x0000000080f00000, 0x0000000081000000, 0x0000000081000000|100%| O|  |TAMS 0x0000000081000000, 0x0000000080f00000| Untracked 
|  16|0x0000000081000000, 0x0000000081100000, 0x0000000081100000|100%|HS|  |TAMS 0x0000000081100000, 0x0000000081000000| Complete 
|  17|0x0000000081100000, 0x0000000081200000, 0x0000000081200000|100%|HC|  |TAMS 0x0000000081200000, 0x0000000081100000| Complete 
|  18|0x0000000081200000, 0x0000000081300000, 0x0000000081300000|100%|HS|  |TAMS 0x0000000081300000, 0x0000000081200000| Complete 
|  19|0x0000000081300000, 0x0000000081400000, 0x0000000081400000|100%|HC|  |TAMS 0x0000000081400000, 0x0000000081300000| Complete 
|  20|0x0000000081400000, 0x0000000081500000, 0x0000000081500000|100%|HC|  |TAMS 0x0000000081500000, 0x0000000081400000| Complete 
|  21|0x0000000081500000, 0x0000000081600000, 0x0000000081600000|100%|HS|  |TAMS 0x0000000081600000, 0x0000000081500000| Complete 
|  22|0x0000000081600000, 0x0000000081700000, 0x0000000081700000|100%|HC|  |TAMS 0x0000000081700000, 0x0000000081600000| Complete 
|  23|0x0000000081700000, 0x0000000081800000, 0x0000000081800000|100%|HC|  |TAMS 0x0000000081800000, 0x0000000081700000| Complete 
|  24|0x0000000081800000, 0x0000000081900000, 0x0000000081900000|100%|HC|  |TAMS 0x0000000081900000, 0x0000000081800000| Complete 
|  25|0x0000000081900000, 0x0000000081a00000, 0x0000000081a00000|100%| O|  |TAMS 0x0000000081a00000, 0x0000000081900000| Untracked 
|  26|0x0000000081a00000, 0x0000000081b00000, 0x0000000081b00000|100%| O|  |TAMS 0x0000000081b00000, 0x0000000081a00000| Untracked 
|  27|0x0000000081b00000, 0x0000000081c00000, 0x0000000081c00000|100%| O|  |TAMS 0x0000000081c00000, 0x0000000081b00000| Untracked 
|  28|0x0000000081c00000, 0x0000000081d00000, 0x0000000081d00000|100%| O|  |TAMS 0x0000000081d00000, 0x0000000081c00000| Untracked 
|  29|0x0000000081d00000, 0x0000000081e00000, 0x0000000081e00000|100%| O|  |TAMS 0x0000000081e00000, 0x0000000081d00000| Untracked 
|  30|0x0000000081e00000, 0x0000000081f00000, 0x0000000081f00000|100%| O|  |TAMS 0x0000000081f00000, 0x0000000081e00000| Untracked 
|  31|0x0000000081f00000, 0x0000000082000000, 0x0000000082000000|100%|HS|  |TAMS 0x0000000082000000, 0x0000000081f00000| Complete 
|  32|0x0000000082000000, 0x0000000082100000, 0x0000000082100000|100%|HC|  |TAMS 0x0000000082100000, 0x0000000082000000| Complete 
|  33|0x0000000082100000, 0x0000000082200000, 0x0000000082200000|100%|HC|  |TAMS 0x0000000082200000, 0x0000000082100000| Complete 
|  34|0x0000000082200000, 0x0000000082300000, 0x0000000082300000|100%| O|  |TAMS 0x0000000082200000, 0x0000000082200000| Untracked 
|  35|0x0000000082300000, 0x0000000082400000, 0x0000000082400000|100%| O|  |TAMS 0x0000000082300000, 0x0000000082300000| Untracked 
|  36|0x0000000082400000, 0x0000000082500000, 0x0000000082500000|100%| O|  |TAMS 0x0000000082400000, 0x0000000082400000| Untracked 
|  37|0x0000000082500000, 0x0000000082600000, 0x0000000082600000|100%| O|  |TAMS 0x0000000082500000, 0x0000000082500000| Untracked 
|  38|0x0000000082600000, 0x0000000082700000, 0x0000000082700000|100%| O|  |TAMS 0x0000000082700000, 0x0000000082600000| Untracked 
|  39|0x0000000082700000, 0x0000000082800000, 0x0000000082800000|100%| O|  |TAMS 0x0000000082800000, 0x0000000082700000| Untracked 
|  40|0x0000000082800000, 0x0000000082900000, 0x0000000082900000|100%| O|  |TAMS 0x0000000082900000, 0x0000000082800000| Untracked 
|  41|0x0000000082900000, 0x0000000082a00000, 0x0000000082a00000|100%| O|  |TAMS 0x0000000082a00000, 0x0000000082900000| Untracked 
|  42|0x0000000082a00000, 0x0000000082b00000, 0x0000000082b00000|100%| O|  |TAMS 0x0000000082b00000, 0x0000000082a00000| Untracked 
|  43|0x0000000082b00000, 0x0000000082c00000, 0x0000000082c00000|100%| O|  |TAMS 0x0000000082c00000, 0x0000000082b00000| Untracked 
|  44|0x0000000082c00000, 0x0000000082d00000, 0x0000000082d00000|100%| O|  |TAMS 0x0000000082d00000, 0x0000000082c00000| Untracked 
|  45|0x0000000082d00000, 0x0000000082e00000, 0x0000000082e00000|100%| O|  |TAMS 0x0000000082e00000, 0x0000000082d00000| Untracked 
|  46|0x0000000082e00000, 0x0000000082f00000, 0x0000000082f00000|100%| O|  |TAMS 0x0000000082f00000, 0x0000000082e00000| Untracked 
|  47|0x0000000082f00000, 0x0000000083000000, 0x0000000083000000|100%|HS|  |TAMS 0x0000000083000000, 0x0000000082f00000| Complete 
|  48|0x0000000083000000, 0x0000000083100000, 0x0000000083100000|100%|HS|  |TAMS 0x0000000083100000, 0x0000000083000000| Complete 
|  49|0x0000000083100000, 0x0000000083200000, 0x0000000083200000|100%|HC|  |TAMS 0x0000000083200000, 0x0000000083100000| Complete 
|  50|0x0000000083200000, 0x0000000083300000, 0x0000000083300000|100%| O|  |TAMS 0x0000000083300000, 0x0000000083200000| Untracked 
|  51|0x0000000083300000, 0x0000000083400000, 0x0000000083400000|100%| O|  |TAMS 0x0000000083400000, 0x0000000083300000| Untracked 
|  52|0x0000000083400000, 0x0000000083500000, 0x0000000083500000|100%| O|  |TAMS 0x0000000083500000, 0x0000000083400000| Untracked 
|  53|0x0000000083500000, 0x0000000083600000, 0x0000000083600000|100%| O|  |TAMS 0x0000000083600000, 0x0000000083500000| Untracked 
|  54|0x0000000083600000, 0x0000000083700000, 0x0000000083700000|100%| O|  |TAMS 0x0000000083700000, 0x0000000083600000| Untracked 
|  55|0x0000000083700000, 0x0000000083800000, 0x0000000083800000|100%| O|  |TAMS 0x0000000083800000, 0x0000000083700000| Untracked 
|  56|0x0000000083800000, 0x0000000083900000, 0x0000000083900000|100%| O|  |TAMS 0x0000000083900000, 0x0000000083800000| Untracked 
|  57|0x0000000083900000, 0x0000000083a00000, 0x0000000083a00000|100%| O|  |TAMS 0x0000000083a00000, 0x0000000083900000| Untracked 
|  58|0x0000000083a00000, 0x0000000083b00000, 0x0000000083b00000|100%| O|  |TAMS 0x0000000083b00000, 0x0000000083a00000| Untracked 
|  59|0x0000000083b00000, 0x0000000083c00000, 0x0000000083c00000|100%| O|  |TAMS 0x0000000083c00000, 0x0000000083b00000| Untracked 
|  60|0x0000000083c00000, 0x0000000083d00000, 0x0000000083d00000|100%| O|  |TAMS 0x0000000083d00000, 0x0000000083c00000| Untracked 
|  61|0x0000000083d00000, 0x0000000083e00000, 0x0000000083e00000|100%| O|  |TAMS 0x0000000083e00000, 0x0000000083d00000| Untracked 
|  62|0x0000000083e00000, 0x0000000083f00000, 0x0000000083f00000|100%| O|  |TAMS 0x0000000083f00000, 0x0000000083e00000| Untracked 
|  63|0x0000000083f00000, 0x0000000084000000, 0x0000000084000000|100%| O|  |TAMS 0x0000000083f00000, 0x0000000083f00000| Untracked 
|  64|0x0000000084000000, 0x0000000084100000, 0x0000000084100000|100%| O|  |TAMS 0x0000000084100000, 0x0000000084000000| Untracked 
|  65|0x0000000084100000, 0x0000000084200000, 0x0000000084200000|100%| O|  |TAMS 0x0000000084100000, 0x0000000084100000| Untracked 
|  66|0x0000000084200000, 0x0000000084300000, 0x0000000084300000|100%| O|  |TAMS 0x0000000084300000, 0x0000000084200000| Untracked 
|  67|0x0000000084300000, 0x0000000084400000, 0x0000000084400000|100%| O|  |TAMS 0x0000000084300000, 0x0000000084300000| Untracked 
|  68|0x0000000084400000, 0x0000000084500000, 0x0000000084500000|100%| O|  |TAMS 0x0000000084500000, 0x0000000084400000| Untracked 
|  69|0x0000000084500000, 0x0000000084600000, 0x0000000084600000|100%| O|  |TAMS 0x0000000084600000, 0x0000000084500000| Untracked 
|  70|0x0000000084600000, 0x0000000084700000, 0x0000000084700000|100%| O|  |TAMS 0x0000000084600000, 0x0000000084600000| Untracked 
|  71|0x0000000084700000, 0x0000000084800000, 0x0000000084800000|100%| O|  |TAMS 0x0000000084700000, 0x0000000084700000| Untracked 
|  72|0x0000000084800000, 0x0000000084900000, 0x0000000084900000|100%| O|  |TAMS 0x0000000084800000, 0x0000000084800000| Untracked 
|  73|0x0000000084900000, 0x0000000084a00000, 0x0000000084a00000|100%| O|  |TAMS 0x0000000084a00000, 0x0000000084900000| Untracked 
|  74|0x0000000084a00000, 0x0000000084b00000, 0x0000000084b00000|100%|HS|  |TAMS 0x0000000084a00000, 0x0000000084a00000| Complete 
|  75|0x0000000084b00000, 0x0000000084c00000, 0x0000000084c00000|100%|HC|  |TAMS 0x0000000084b00000, 0x0000000084b00000| Complete 
|  76|0x0000000084c00000, 0x0000000084d00000, 0x0000000084d00000|100%| O|  |TAMS 0x0000000084c00000, 0x0000000084c00000| Untracked 
|  77|0x0000000084d00000, 0x0000000084e00000, 0x0000000084e00000|100%| O|  |TAMS 0x0000000084d00000, 0x0000000084d00000| Untracked 
|  78|0x0000000084e00000, 0x0000000084f00000, 0x0000000084f00000|100%| O|  |TAMS 0x0000000084e00000, 0x0000000084e00000| Untracked 
|  79|0x0000000084f00000, 0x0000000085000000, 0x0000000085000000|100%| O|  |TAMS 0x0000000085000000, 0x0000000084f00000| Untracked 
|  80|0x0000000085000000, 0x0000000085100000, 0x0000000085100000|100%| O|  |TAMS 0x0000000085000000, 0x0000000085000000| Untracked 
|  81|0x0000000085100000, 0x0000000085200000, 0x0000000085200000|100%| O|  |TAMS 0x0000000085100000, 0x0000000085100000| Untracked 
|  82|0x0000000085200000, 0x0000000085300000, 0x0000000085300000|100%| O|  |TAMS 0x0000000085300000, 0x0000000085200000| Untracked 
|  83|0x0000000085300000, 0x0000000085400000, 0x0000000085400000|100%| O|  |TAMS 0x0000000085400000, 0x0000000085300000| Untracked 
|  84|0x0000000085400000, 0x0000000085500000, 0x0000000085500000|100%| O|  |TAMS 0x0000000085500000, 0x0000000085400000| Untracked 
|  85|0x0000000085500000, 0x0000000085600000, 0x0000000085600000|100%| O|  |TAMS 0x0000000085600000, 0x0000000085500000| Untracked 
|  86|0x0000000085600000, 0x0000000085700000, 0x0000000085700000|100%| O|  |TAMS 0x0000000085700000, 0x0000000085600000| Untracked 
|  87|0x0000000085700000, 0x0000000085800000, 0x0000000085800000|100%| O|  |TAMS 0x0000000085800000, 0x0000000085700000| Untracked 
|  88|0x0000000085800000, 0x0000000085900000, 0x0000000085900000|100%| O|  |TAMS 0x0000000085800000, 0x0000000085800000| Untracked 
|  89|0x0000000085900000, 0x0000000085a00000, 0x0000000085a00000|100%| O|  |TAMS 0x0000000085a00000, 0x0000000085900000| Untracked 
|  90|0x0000000085a00000, 0x0000000085b00000, 0x0000000085b00000|100%|HS|  |TAMS 0x0000000085b00000, 0x0000000085a00000| Complete 
|  91|0x0000000085b00000, 0x0000000085c00000, 0x0000000085c00000|100%|HC|  |TAMS 0x0000000085c00000, 0x0000000085b00000| Complete 
|  92|0x0000000085c00000, 0x0000000085d00000, 0x0000000085d00000|100%| O|  |TAMS 0x0000000085d00000, 0x0000000085c00000| Untracked 
|  93|0x0000000085d00000, 0x0000000085e00000, 0x0000000085e00000|100%| O|  |TAMS 0x0000000085e00000, 0x0000000085d00000| Untracked 
|  94|0x0000000085e00000, 0x0000000085f00000, 0x0000000085f00000|100%| O|  |TAMS 0x0000000085f00000, 0x0000000085e00000| Untracked 
|  95|0x0000000085f00000, 0x0000000086000000, 0x0000000086000000|100%| O|  |TAMS 0x0000000086000000, 0x0000000085f00000| Untracked 
|  96|0x0000000086000000, 0x0000000086100000, 0x0000000086100000|100%| O|  |TAMS 0x0000000086100000, 0x0000000086000000| Untracked 
|  97|0x0000000086100000, 0x0000000086200000, 0x0000000086200000|100%| O|  |TAMS 0x0000000086200000, 0x0000000086100000| Untracked 
|  98|0x0000000086200000, 0x0000000086300000, 0x0000000086300000|100%| O|  |TAMS 0x0000000086300000, 0x0000000086200000| Untracked 
|  99|0x0000000086300000, 0x0000000086400000, 0x0000000086400000|100%| O|  |TAMS 0x0000000086400000, 0x0000000086300000| Untracked 
| 100|0x0000000086400000, 0x0000000086500000, 0x0000000086500000|100%| O|  |TAMS 0x0000000086500000, 0x0000000086400000| Untracked 
| 101|0x0000000086500000, 0x0000000086600000, 0x0000000086600000|100%| O|  |TAMS 0x0000000086600000, 0x0000000086500000| Untracked 
| 102|0x0000000086600000, 0x0000000086700000, 0x0000000086700000|100%| O|  |TAMS 0x0000000086700000, 0x0000000086600000| Untracked 
| 103|0x0000000086700000, 0x0000000086800000, 0x0000000086800000|100%| O|  |TAMS 0x0000000086700000, 0x0000000086700000| Untracked 
| 104|0x0000000086800000, 0x0000000086900000, 0x0000000086900000|100%| O|  |TAMS 0x0000000086900000, 0x0000000086800000| Untracked 
| 105|0x0000000086900000, 0x0000000086a00000, 0x0000000086a00000|100%| O|  |TAMS 0x0000000086a00000, 0x0000000086900000| Untracked 
| 106|0x0000000086a00000, 0x0000000086b00000, 0x0000000086b00000|100%| O|  |TAMS 0x0000000086b00000, 0x0000000086a00000| Untracked 
| 107|0x0000000086b00000, 0x0000000086c00000, 0x0000000086c00000|100%| O|  |TAMS 0x0000000086c00000, 0x0000000086b00000| Untracked 
| 108|0x0000000086c00000, 0x0000000086d00000, 0x0000000086d00000|100%| O|  |TAMS 0x0000000086d00000, 0x0000000086c00000| Untracked 
| 109|0x0000000086d00000, 0x0000000086e00000, 0x0000000086e00000|100%|HS|  |TAMS 0x0000000086e00000, 0x0000000086d00000| Complete 
| 110|0x0000000086e00000, 0x0000000086f00000, 0x0000000086f00000|100%|HC|  |TAMS 0x0000000086f00000, 0x0000000086e00000| Complete 
| 111|0x0000000086f00000, 0x0000000087000000, 0x0000000087000000|100%| O|  |TAMS 0x0000000087000000, 0x0000000086f00000| Untracked 
| 112|0x0000000087000000, 0x0000000087100000, 0x0000000087100000|100%| O|  |TAMS 0x0000000087100000, 0x0000000087000000| Untracked 
| 113|0x0000000087100000, 0x0000000087200000, 0x0000000087200000|100%| O|  |TAMS 0x0000000087100000, 0x0000000087100000| Untracked 
| 114|0x0000000087200000, 0x0000000087300000, 0x0000000087300000|100%| O|  |TAMS 0x0000000087200000, 0x0000000087200000| Untracked 
| 115|0x0000000087300000, 0x0000000087400000, 0x0000000087400000|100%| O|  |TAMS 0x0000000087400000, 0x0000000087300000| Untracked 
| 116|0x0000000087400000, 0x0000000087500000, 0x0000000087500000|100%| O|  |TAMS 0x0000000087500000, 0x0000000087400000| Untracked 
| 117|0x0000000087500000, 0x0000000087600000, 0x0000000087600000|100%| O|  |TAMS 0x0000000087600000, 0x0000000087500000| Untracked 
| 118|0x0000000087600000, 0x0000000087700000, 0x0000000087700000|100%| O|  |TAMS 0x0000000087600000, 0x0000000087600000| Untracked 
| 119|0x0000000087700000, 0x0000000087800000, 0x0000000087800000|100%| O|  |TAMS 0x000000008778b400, 0x0000000087700000| Untracked 
| 120|0x0000000087800000, 0x0000000087900000, 0x0000000087900000|100%| O|  |TAMS 0x0000000087800000, 0x0000000087800000| Untracked 
| 121|0x0000000087900000, 0x0000000087a00000, 0x0000000087a00000|100%| O|  |TAMS 0x0000000087900000, 0x0000000087900000| Untracked 
| 122|0x0000000087a00000, 0x0000000087b00000, 0x0000000087b00000|100%| O|  |TAMS 0x0000000087a00000, 0x0000000087a00000| Untracked 
| 123|0x0000000087b00000, 0x0000000087c00000, 0x0000000087c00000|100%| O|  |TAMS 0x0000000087b00000, 0x0000000087b00000| Untracked 
| 124|0x0000000087c00000, 0x0000000087d00000, 0x0000000087d00000|100%| O|  |TAMS 0x0000000087c00000, 0x0000000087c00000| Untracked 
| 125|0x0000000087d00000, 0x0000000087e00000, 0x0000000087e00000|100%| O|  |TAMS 0x0000000087d00000, 0x0000000087d00000| Untracked 
| 126|0x0000000087e00000, 0x0000000087f00000, 0x0000000087f00000|100%| O|  |TAMS 0x0000000087e00000, 0x0000000087e00000| Untracked 
| 127|0x0000000087f00000, 0x0000000088000000, 0x0000000088000000|100%| O|  |TAMS 0x0000000087f00000, 0x0000000087f00000| Untracked 
| 128|0x0000000088000000, 0x0000000088100000, 0x0000000088100000|100%| O|  |TAMS 0x0000000088000000, 0x0000000088000000| Untracked 
| 129|0x0000000088100000, 0x0000000088200000, 0x0000000088200000|100%|HS|  |TAMS 0x0000000088100000, 0x0000000088100000| Complete 
| 130|0x0000000088200000, 0x0000000088300000, 0x0000000088300000|100%|HC|  |TAMS 0x0000000088200000, 0x0000000088200000| Complete 
| 131|0x0000000088300000, 0x0000000088400000, 0x0000000088400000|100%| O|  |TAMS 0x0000000088300000, 0x0000000088300000| Untracked 
| 132|0x0000000088400000, 0x0000000088500000, 0x0000000088500000|100%| O|  |TAMS 0x0000000088400000, 0x0000000088400000| Untracked 
| 133|0x0000000088500000, 0x0000000088600000, 0x0000000088600000|100%| O|  |TAMS 0x0000000088500000, 0x0000000088500000| Untracked 
| 134|0x0000000088600000, 0x0000000088700000, 0x0000000088700000|100%| O|  |TAMS 0x0000000088600000, 0x0000000088600000| Untracked 
| 135|0x0000000088700000, 0x0000000088800000, 0x0000000088800000|100%| O|  |TAMS 0x0000000088700000, 0x0000000088700000| Untracked 
| 136|0x0000000088800000, 0x0000000088900000, 0x0000000088900000|100%| O|  |TAMS 0x0000000088800000, 0x0000000088800000| Untracked 
| 137|0x0000000088900000, 0x0000000088a00000, 0x0000000088a00000|100%| O|  |TAMS 0x0000000088900000, 0x0000000088900000| Untracked 
| 138|0x0000000088a00000, 0x0000000088b00000, 0x0000000088b00000|100%| O|  |TAMS 0x0000000088a00000, 0x0000000088a00000| Untracked 
| 139|0x0000000088b00000, 0x0000000088c00000, 0x0000000088c00000|100%| O|  |TAMS 0x0000000088b00000, 0x0000000088b00000| Untracked 
| 140|0x0000000088c00000, 0x0000000088d00000, 0x0000000088d00000|100%| O|  |TAMS 0x0000000088c00000, 0x0000000088c00000| Untracked 
| 141|0x0000000088d00000, 0x0000000088e00000, 0x0000000088e00000|100%| O|  |TAMS 0x0000000088d00000, 0x0000000088d00000| Untracked 
| 142|0x0000000088e00000, 0x0000000088f00000, 0x0000000088f00000|100%| O|  |TAMS 0x0000000088e00000, 0x0000000088e00000| Untracked 
| 143|0x0000000088f00000, 0x0000000089000000, 0x0000000089000000|100%| O|  |TAMS 0x0000000088f00000, 0x0000000088f00000| Untracked 
| 144|0x0000000089000000, 0x0000000089100000, 0x0000000089100000|100%| O|  |TAMS 0x0000000089000000, 0x0000000089000000| Untracked 
| 145|0x0000000089100000, 0x0000000089200000, 0x0000000089200000|100%| O|  |TAMS 0x0000000089100000, 0x0000000089100000| Untracked 
| 146|0x0000000089200000, 0x00000000892b7a00, 0x0000000089300000| 71%| O|  |TAMS 0x0000000089200000, 0x0000000089200000| Untracked 
| 147|0x0000000089300000, 0x0000000089400000, 0x0000000089400000|100%|HS|  |TAMS 0x0000000089300000, 0x0000000089300000| Complete 
| 148|0x0000000089400000, 0x0000000089500000, 0x0000000089500000|100%|HC|  |TAMS 0x0000000089400000, 0x0000000089400000| Complete 
| 149|0x0000000089500000, 0x0000000089500000, 0x0000000089600000|  0%| F|  |TAMS 0x0000000089500000, 0x0000000089500000| Untracked 
| 150|0x0000000089600000, 0x0000000089600000, 0x0000000089700000|  0%| F|  |TAMS 0x0000000089600000, 0x0000000089600000| Untracked 
| 151|0x0000000089700000, 0x0000000089700000, 0x0000000089800000|  0%| F|  |TAMS 0x0000000089700000, 0x0000000089700000| Untracked 
| 152|0x0000000089800000, 0x0000000089800000, 0x0000000089900000|  0%| F|  |TAMS 0x0000000089800000, 0x0000000089800000| Untracked 
| 153|0x0000000089900000, 0x0000000089900000, 0x0000000089a00000|  0%| F|  |TAMS 0x0000000089900000, 0x0000000089900000| Untracked 
| 154|0x0000000089a00000, 0x0000000089a00000, 0x0000000089b00000|  0%| F|  |TAMS 0x0000000089a00000, 0x0000000089a00000| Untracked 
| 155|0x0000000089b00000, 0x0000000089b00000, 0x0000000089c00000|  0%| F|  |TAMS 0x0000000089b00000, 0x0000000089b00000| Untracked 
| 156|0x0000000089c00000, 0x0000000089c00000, 0x0000000089d00000|  0%| F|  |TAMS 0x0000000089c00000, 0x0000000089c00000| Untracked 
| 157|0x0000000089d00000, 0x0000000089d00000, 0x0000000089e00000|  0%| F|  |TAMS 0x0000000089d00000, 0x0000000089d00000| Untracked 
| 158|0x0000000089e00000, 0x0000000089e00000, 0x0000000089f00000|  0%| F|  |TAMS 0x0000000089e00000, 0x0000000089e00000| Untracked 
| 159|0x0000000089f00000, 0x0000000089f00000, 0x000000008a000000|  0%| F|  |TAMS 0x0000000089f00000, 0x0000000089f00000| Untracked 
| 160|0x000000008a000000, 0x000000008a000000, 0x000000008a100000|  0%| F|  |TAMS 0x000000008a000000, 0x000000008a000000| Untracked 
| 161|0x000000008a100000, 0x000000008a100000, 0x000000008a200000|  0%| F|  |TAMS 0x000000008a100000, 0x000000008a100000| Untracked 
| 162|0x000000008a200000, 0x000000008a200000, 0x000000008a300000|  0%| F|  |TAMS 0x000000008a200000, 0x000000008a200000| Untracked 
| 163|0x000000008a300000, 0x000000008a300000, 0x000000008a400000|  0%| F|  |TAMS 0x000000008a300000, 0x000000008a300000| Untracked 
| 164|0x000000008a400000, 0x000000008a400000, 0x000000008a500000|  0%| F|  |TAMS 0x000000008a400000, 0x000000008a400000| Untracked 
| 165|0x000000008a500000, 0x000000008a500000, 0x000000008a600000|  0%| F|  |TAMS 0x000000008a500000, 0x000000008a500000| Untracked 
| 166|0x000000008a600000, 0x000000008a600000, 0x000000008a700000|  0%| F|  |TAMS 0x000000008a600000, 0x000000008a600000| Untracked 
| 167|0x000000008a700000, 0x000000008a700000, 0x000000008a800000|  0%| F|  |TAMS 0x000000008a700000, 0x000000008a700000| Untracked 
| 168|0x000000008a800000, 0x000000008a800000, 0x000000008a900000|  0%| F|  |TAMS 0x000000008a800000, 0x000000008a800000| Untracked 
| 169|0x000000008a900000, 0x000000008a900000, 0x000000008aa00000|  0%| F|  |TAMS 0x000000008a900000, 0x000000008a900000| Untracked 
| 170|0x000000008aa00000, 0x000000008aa00000, 0x000000008ab00000|  0%| F|  |TAMS 0x000000008aa00000, 0x000000008aa00000| Untracked 
| 171|0x000000008ab00000, 0x000000008ab00000, 0x000000008ac00000|  0%| F|  |TAMS 0x000000008ab00000, 0x000000008ab00000| Untracked 
| 172|0x000000008ac00000, 0x000000008ad00000, 0x000000008ad00000|100%| S|CS|TAMS 0x000000008ac00000, 0x000000008ac00000| Complete 
| 173|0x000000008ad00000, 0x000000008ae00000, 0x000000008ae00000|100%| S|CS|TAMS 0x000000008ad00000, 0x000000008ad00000| Complete 
| 174|0x000000008ae00000, 0x000000008af00000, 0x000000008af00000|100%| S|CS|TAMS 0x000000008ae00000, 0x000000008ae00000| Complete 
| 175|0x000000008af00000, 0x000000008b000000, 0x000000008b000000|100%| S|CS|TAMS 0x000000008af00000, 0x000000008af00000| Complete 
| 176|0x000000008b000000, 0x000000008b000000, 0x000000008b100000|  0%| F|  |TAMS 0x000000008b000000, 0x000000008b000000| Untracked 
| 177|0x000000008b100000, 0x000000008b100000, 0x000000008b200000|  0%| F|  |TAMS 0x000000008b100000, 0x000000008b100000| Untracked 
| 178|0x000000008b200000, 0x000000008b200000, 0x000000008b300000|  0%| F|  |TAMS 0x000000008b200000, 0x000000008b200000| Untracked 
| 179|0x000000008b300000, 0x000000008b300000, 0x000000008b400000|  0%| F|  |TAMS 0x000000008b300000, 0x000000008b300000| Untracked 
| 180|0x000000008b400000, 0x000000008b400000, 0x000000008b500000|  0%| F|  |TAMS 0x000000008b400000, 0x000000008b400000| Untracked 
| 181|0x000000008b500000, 0x000000008b500000, 0x000000008b600000|  0%| F|  |TAMS 0x000000008b500000, 0x000000008b500000| Untracked 
| 182|0x000000008b600000, 0x000000008b600000, 0x000000008b700000|  0%| F|  |TAMS 0x000000008b600000, 0x000000008b600000| Untracked 
| 183|0x000000008b700000, 0x000000008b700000, 0x000000008b800000|  0%| F|  |TAMS 0x000000008b700000, 0x000000008b700000| Untracked 
| 184|0x000000008b800000, 0x000000008b800000, 0x000000008b900000|  0%| F|  |TAMS 0x000000008b800000, 0x000000008b800000| Untracked 
| 185|0x000000008b900000, 0x000000008b900000, 0x000000008ba00000|  0%| F|  |TAMS 0x000000008b900000, 0x000000008b900000| Untracked 
| 186|0x000000008ba00000, 0x000000008ba00000, 0x000000008bb00000|  0%| F|  |TAMS 0x000000008ba00000, 0x000000008ba00000| Untracked 
| 187|0x000000008bb00000, 0x000000008bb00000, 0x000000008bc00000|  0%| F|  |TAMS 0x000000008bb00000, 0x000000008bb00000| Untracked 
| 188|0x000000008bc00000, 0x000000008bc00000, 0x000000008bd00000|  0%| F|  |TAMS 0x000000008bc00000, 0x000000008bc00000| Untracked 
| 189|0x000000008bd00000, 0x000000008bd00000, 0x000000008be00000|  0%| F|  |TAMS 0x000000008bd00000, 0x000000008bd00000| Untracked 
| 190|0x000000008be00000, 0x000000008be00000, 0x000000008bf00000|  0%| F|  |TAMS 0x000000008be00000, 0x000000008be00000| Untracked 
| 191|0x000000008bf00000, 0x000000008bf00000, 0x000000008c000000|  0%| F|  |TAMS 0x000000008bf00000, 0x000000008bf00000| Untracked 
| 192|0x000000008c000000, 0x000000008c000000, 0x000000008c100000|  0%| F|  |TAMS 0x000000008c000000, 0x000000008c000000| Untracked 
| 193|0x000000008c100000, 0x000000008c100000, 0x000000008c200000|  0%| F|  |TAMS 0x000000008c100000, 0x000000008c100000| Untracked 
| 194|0x000000008c200000, 0x000000008c200000, 0x000000008c300000|  0%| F|  |TAMS 0x000000008c200000, 0x000000008c200000| Untracked 
| 195|0x000000008c300000, 0x000000008c300000, 0x000000008c400000|  0%| F|  |TAMS 0x000000008c300000, 0x000000008c300000| Untracked 
| 196|0x000000008c400000, 0x000000008c400000, 0x000000008c500000|  0%| F|  |TAMS 0x000000008c400000, 0x000000008c400000| Untracked 
| 197|0x000000008c500000, 0x000000008c500000, 0x000000008c600000|  0%| F|  |TAMS 0x000000008c500000, 0x000000008c500000| Untracked 
| 198|0x000000008c600000, 0x000000008c600000, 0x000000008c700000|  0%| F|  |TAMS 0x000000008c600000, 0x000000008c600000| Untracked 
| 199|0x000000008c700000, 0x000000008c7387c0, 0x000000008c800000| 22%| E|  |TAMS 0x000000008c700000, 0x000000008c700000| Complete 
| 200|0x000000008c800000, 0x000000008c900000, 0x000000008c900000|100%| E|CS|TAMS 0x000000008c800000, 0x000000008c800000| Complete 
| 201|0x000000008c900000, 0x000000008ca00000, 0x000000008ca00000|100%| E|CS|TAMS 0x000000008c900000, 0x000000008c900000| Complete 
| 202|0x000000008ca00000, 0x000000008cb00000, 0x000000008cb00000|100%| E|  |TAMS 0x000000008ca00000, 0x000000008ca00000| Complete 
| 203|0x000000008cb00000, 0x000000008cc00000, 0x000000008cc00000|100%| E|CS|TAMS 0x000000008cb00000, 0x000000008cb00000| Complete 
| 204|0x000000008cc00000, 0x000000008cd00000, 0x000000008cd00000|100%| E|CS|TAMS 0x000000008cc00000, 0x000000008cc00000| Complete 
| 205|0x000000008cd00000, 0x000000008ce00000, 0x000000008ce00000|100%| E|CS|TAMS 0x000000008cd00000, 0x000000008cd00000| Complete 

Card table byte_map: [0x0000025c56b20000,0x0000025c56f20000] _byte_map_base: 0x0000025c56720000

Marking Bits (Prev, Next): (CMBitMap*) 0x0000025c43aacaa0, (CMBitMap*) 0x0000025c43aaca68
 Prev Bits: [0x0000025c59320000, 0x0000025c5b320000)
 Next Bits: [0x0000025c57320000, 0x0000025c59320000)

Polling page: 0x0000025c41c20000

Metaspace:

Usage:
  Non-class:    109.98 MB capacity,   107.73 MB ( 98%) used,     1.88 MB (  2%) free+waste,   378.31 KB ( <1%) overhead. 
      Class:     16.28 MB capacity,    15.12 MB ( 93%) used,  1014.41 KB (  6%) free+waste,   168.06 KB (  1%) overhead. 
       Both:    126.26 MB capacity,   122.86 MB ( 97%) used,     2.87 MB (  2%) free+waste,   546.38 KB ( <1%) overhead. 

Virtual space:
  Non-class space:      112.00 MB reserved,     110.37 MB ( 99%) committed 
      Class space:        1.00 GB reserved,      16.38 MB (  2%) committed 
             Both:        1.11 GB reserved,     126.75 MB ( 11%) committed 

Chunk freelists:
   Non-Class:  209.00 KB
       Class:  69.00 KB
        Both:  278.00 KB

MaxMetaspaceSize: 17179869184.00 GB
CompressedClassSpaceSize: 1.00 GB

CodeHeap 'non-profiled nmethods': size=120000Kb used=13238Kb max_used=14899Kb free=106761Kb
 bounds [0x0000025c4eec0000, 0x0000025c4fd70000, 0x0000025c563f0000]
CodeHeap 'profiled nmethods': size=120000Kb used=35672Kb max_used=38341Kb free=84328Kb
 bounds [0x0000025c47990000, 0x0000025c49f20000, 0x0000025c4eec0000]
CodeHeap 'non-nmethods': size=5760Kb used=2358Kb max_used=2425Kb free=3402Kb
 bounds [0x0000025c473f0000, 0x0000025c47660000, 0x0000025c47990000]
 total_blobs=18399 nmethods=17422 adapters=887
 compilation: enabled
              stopped_count=0, restarted_count=0
 full_count=0

Compilation events (20 events):
Event: 3977.194 Thread 0x0000025c5dd94000 21791   !   3       jdk.nio.zipfs.ZipFileSystemProvider::ensureFile (33 bytes)
Event: 3977.195 Thread 0x0000025c5dd94000 nmethod 21791 0x0000025c48932910 code [0x0000025c48932b40, 0x0000025c489331e8]
Event: 3977.195 Thread 0x0000025c5dd94000 21792       3       jdk.nio.zipfs.JarFileSystem::<init> (151 bytes)
Event: 3977.196 Thread 0x0000025c5dd94000 nmethod 21792 0x0000025c489cdc90 code [0x0000025c489cdf60, 0x0000025c489cee28]
Event: 3977.196 Thread 0x0000025c5dd94000 21793       3       sun.nio.fs.WindowsFileStore::<init> (97 bytes)
Event: 3977.198 Thread 0x0000025c5dd94000 nmethod 21793 0x0000025c48934810 code [0x0000025c48934a60, 0x0000025c48935208]
Event: 3977.198 Thread 0x0000025c5dd94000 21794       3       java.nio.file.FileStore::<init> (5 bytes)
Event: 3977.198 Thread 0x0000025c5dd94000 nmethod 21794 0x0000025c488ecc10 code [0x0000025c488ecdc0, 0x0000025c488ecf18]
Event: 3977.211 Thread 0x0000025c5dd94000 21795       3       jdk.nio.zipfs.ZipFileSystem::getBytes (9 bytes)
Event: 3977.211 Thread 0x0000025c60876800 nmethod 21787 0x0000025c4f1bcd10 code [0x0000025c4f1bcee0, 0x0000025c4f1bd768]
Event: 3977.211 Thread 0x0000025c5dd94000 nmethod 21795 0x0000025c4891ba90 code [0x0000025c4891bc40, 0x0000025c4891be08]
Event: 3977.211 Thread 0x0000025c5dd94000 21796       3       com.sun.tools.javac.file.JavacFileManager$ArchiveContainer$1::<init> (20 bytes)
Event: 3977.211 Thread 0x0000025c60876800 21708       4       org.gradle.internal.snapshot.impl.DirectorySnapshotter$PathVisitor::preVisitDirectory (10 bytes)
Event: 3977.212 Thread 0x0000025c5dd94000 nmethod 21796 0x0000025c4891c510 code [0x0000025c4891c6e0, 0x0000025c4891c9b8]
Event: 3977.213 Thread 0x0000025c60876800 nmethod 21708 0x0000025c4f1bc990 code [0x0000025c4f1bcb40, 0x0000025c4f1bcc28]
Event: 3977.213 Thread 0x0000025c60876800 21728       4       org.gradle.internal.snapshot.impl.DirectorySnapshotter$PathVisitor::postVisitDirectory (10 bytes)
Event: 3977.240 Thread 0x0000025c5dd94000 21797       3       jdk.nio.zipfs.ZipPath::normalize (99 bytes)
Event: 3977.241 Thread 0x0000025c5dd94000 nmethod 21797 0x0000025c48951090 code [0x0000025c489512a0, 0x0000025c48951908]
Event: 3977.316 Thread 0x0000025c5dd94000 21798       3       jdk.nio.zipfs.ZipPath::<init> (8 bytes)
Event: 3977.317 Thread 0x0000025c5dd94000 nmethod 21798 0x0000025c4891b610 code [0x0000025c4891b7c0, 0x0000025c4891b8e8]

GC Heap History (20 events):
Event: 3868.369 GC heap before
{Heap before GC invocations=161 (full 0):
 garbage-first heap   total 210944K, used 167078K [0x0000000080000000, 0x0000000100000000)
  region size 1024K, 44 young (45056K), 6 survivors (6144K)
 Metaspace       used 125125K, capacity 128600K, committed 129276K, reserved 1161216K
  class space    used 15437K, capacity 16596K, committed 16768K, reserved 1048576K
}
Event: 3868.382 GC heap after
{Heap after GC invocations=162 (full 0):
 garbage-first heap   total 210944K, used 131620K [0x0000000080000000, 0x0000000100000000)
  region size 1024K, 5 young (5120K), 5 survivors (5120K)
 Metaspace       used 125125K, capacity 128600K, committed 129276K, reserved 1161216K
  class space    used 15437K, capacity 16596K, committed 16768K, reserved 1048576K
}
Event: 3868.796 GC heap before
{Heap before GC invocations=162 (full 0):
 garbage-first heap   total 210944K, used 168484K [0x0000000080000000, 0x0000000100000000)
  region size 1024K, 42 young (43008K), 5 survivors (5120K)
 Metaspace       used 125169K, capacity 128703K, committed 129276K, reserved 1161216K
  class space    used 15444K, capacity 16608K, committed 16768K, reserved 1048576K
}
Event: 3868.812 GC heap after
{Heap after GC invocations=163 (full 0):
 garbage-first heap   total 210944K, used 132895K [0x0000000080000000, 0x0000000100000000)
  region size 1024K, 2 young (2048K), 2 survivors (2048K)
 Metaspace       used 125169K, capacity 128703K, committed 129276K, reserved 1161216K
  class space    used 15444K, capacity 16608K, committed 16768K, reserved 1048576K
}
Event: 3869.645 GC heap before
{Heap before GC invocations=163 (full 0):
 garbage-first heap   total 210944K, used 171807K [0x0000000080000000, 0x0000000100000000)
  region size 1024K, 39 young (39936K), 2 survivors (2048K)
 Metaspace       used 125259K, capacity 128730K, committed 129276K, reserved 1161216K
  class space    used 15449K, capacity 16616K, committed 16768K, reserved 1048576K
}
Event: 3869.657 GC heap after
{Heap after GC invocations=164 (full 0):
 garbage-first heap   total 210944K, used 143146K [0x0000000080000000, 0x0000000100000000)
  region size 1024K, 5 young (5120K), 5 survivors (5120K)
 Metaspace       used 125259K, capacity 128730K, committed 129276K, reserved 1161216K
  class space    used 15449K, capacity 16616K, committed 16768K, reserved 1048576K
}
Event: 3916.433 GC heap before
{Heap before GC invocations=164 (full 0):
 garbage-first heap   total 210944K, used 173866K [0x0000000080000000, 0x0000000100000000)
  region size 1024K, 35 young (35840K), 5 survivors (5120K)
 Metaspace       used 125401K, capacity 128947K, committed 129532K, reserved 1163264K
  class space    used 15452K, capacity 16622K, committed 16768K, reserved 1048576K
}
Event: 3916.444 GC heap after
{Heap after GC invocations=165 (full 0):
 garbage-first heap   total 210944K, used 144478K [0x0000000080000000, 0x0000000100000000)
  region size 1024K, 5 young (5120K), 5 survivors (5120K)
 Metaspace       used 125401K, capacity 128947K, committed 129532K, reserved 1163264K
  class space    used 15452K, capacity 16622K, committed 16768K, reserved 1048576K
}
Event: 3916.845 GC heap before
{Heap before GC invocations=165 (full 0):
 garbage-first heap   total 210944K, used 173150K [0x0000000080000000, 0x0000000100000000)
  region size 1024K, 34 young (34816K), 5 survivors (5120K)
 Metaspace       used 125440K, capacity 128978K, committed 129532K, reserved 1163264K
  class space    used 15458K, capacity 16632K, committed 16768K, reserved 1048576K
}
Event: 3916.853 GC heap after
{Heap after GC invocations=166 (full 0):
 garbage-first heap   total 210944K, used 145651K [0x0000000080000000, 0x0000000100000000)
  region size 1024K, 2 young (2048K), 2 survivors (2048K)
 Metaspace       used 125440K, capacity 128978K, committed 129532K, reserved 1163264K
  class space    used 15458K, capacity 16632K, committed 16768K, reserved 1048576K
}
Event: 3917.234 GC heap before
{Heap before GC invocations=166 (full 0):
 garbage-first heap   total 210944K, used 175347K [0x0000000080000000, 0x0000000100000000)
  region size 1024K, 32 young (32768K), 2 survivors (2048K)
 Metaspace       used 125486K, capacity 129053K, committed 129532K, reserved 1163264K
  class space    used 15459K, capacity 16635K, committed 16768K, reserved 1048576K
}
Event: 3917.240 GC heap after
{Heap after GC invocations=167 (full 0):
 garbage-first heap   total 210944K, used 146877K [0x0000000080000000, 0x0000000100000000)
  region size 1024K, 3 young (3072K), 3 survivors (3072K)
 Metaspace       used 125486K, capacity 129053K, committed 129532K, reserved 1163264K
  class space    used 15459K, capacity 16635K, committed 16768K, reserved 1048576K
}
Event: 3917.987 GC heap before
{Heap before GC invocations=167 (full 0):
 garbage-first heap   total 210944K, used 179645K [0x0000000080000000, 0x0000000100000000)
  region size 1024K, 33 young (33792K), 3 survivors (3072K)
 Metaspace       used 125621K, capacity 129189K, committed 129788K, reserved 1163264K
  class space    used 15467K, capacity 16636K, committed 16768K, reserved 1048576K
}
Event: 3917.990 GC heap after
{Heap after GC invocations=168 (full 0):
 garbage-first heap   total 210944K, used 149104K [0x0000000080000000, 0x0000000100000000)
  region size 1024K, 2 young (2048K), 2 survivors (2048K)
 Metaspace       used 125621K, capacity 129189K, committed 129788K, reserved 1163264K
  class space    used 15467K, capacity 16636K, committed 16768K, reserved 1048576K
}
Event: 3976.527 GC heap before
{Heap before GC invocations=168 (full 0):
 garbage-first heap   total 210944K, used 178800K [0x0000000080000000, 0x0000000100000000)
  region size 1024K, 32 young (32768K), 2 survivors (2048K)
 Metaspace       used 125762K, capacity 129285K, committed 129788K, reserved 1163264K
  class space    used 15484K, capacity 16667K, committed 16768K, reserved 1048576K
}
Event: 3976.537 GC heap after
{Heap after GC invocations=169 (full 0):
 garbage-first heap   total 210944K, used 149834K [0x0000000080000000, 0x0000000100000000)
  region size 1024K, 4 young (4096K), 4 survivors (4096K)
 Metaspace       used 125762K, capacity 129285K, committed 129788K, reserved 1163264K
  class space    used 15484K, capacity 16667K, committed 16768K, reserved 1048576K
}
Event: 3976.811 GC heap before
{Heap before GC invocations=169 (full 0):
 garbage-first heap   total 210944K, used 178506K [0x0000000080000000, 0x0000000100000000)
  region size 1024K, 33 young (33792K), 4 survivors (4096K)
 Metaspace       used 125767K, capacity 129285K, committed 129788K, reserved 1163264K
  class space    used 15484K, capacity 16667K, committed 16768K, reserved 1048576K
}
Event: 3976.821 GC heap after
{Heap after GC invocations=170 (full 0):
 garbage-first heap   total 210944K, used 150776K [0x0000000080000000, 0x0000000100000000)
  region size 1024K, 1 young (1024K), 1 survivors (1024K)
 Metaspace       used 125767K, capacity 129285K, committed 129788K, reserved 1163264K
  class space    used 15484K, capacity 16667K, committed 16768K, reserved 1048576K
}
Event: 3977.221 GC heap before
{Heap before GC invocations=170 (full 0):
 garbage-first heap   total 210944K, used 181496K [0x0000000080000000, 0x0000000100000000)
  region size 1024K, 30 young (30720K), 1 survivors (1024K)
 Metaspace       used 125803K, capacity 129286K, committed 129788K, reserved 1163264K
  class space    used 15484K, capacity 16667K, committed 16768K, reserved 1048576K
}
Event: 3977.228 GC heap after
{Heap after GC invocations=171 (full 0):
 garbage-first heap   total 210944K, used 156382K [0x0000000080000000, 0x0000000100000000)
  region size 1024K, 4 young (4096K), 4 survivors (4096K)
 Metaspace       used 125803K, capacity 129286K, committed 129788K, reserved 1163264K
  class space    used 15484K, capacity 16667K, committed 16768K, reserved 1048576K
}

Deoptimization events (20 events):
Event: 3917.926 Thread 0x0000025c64461800 Uncommon trap: trap_request=0xffffffde fr.pc=0x0000025c4ef7bf3c relative=0x000000000000055c
Event: 3917.926 Thread 0x0000025c64461800 Uncommon trap: reason=class_check action=maybe_recompile pc=0x0000025c4ef7bf3c method=java.lang.AbstractStringBuilder.append(Ljava/lang/CharSequence;II)Ljava/lang/AbstractStringBuilder; @ 10 c2
Event: 3917.926 Thread 0x0000025c64461800 DEOPT PACKING pc=0x0000025c4ef7bf3c sp=0x000000d46c0f5fa0
Event: 3917.926 Thread 0x0000025c64461800 DEOPT UNPACKING pc=0x0000025c474174af sp=0x000000d46c0f5f00 mode 2
Event: 3917.926 Thread 0x0000025c64461800 Uncommon trap: trap_request=0xffffff7e fr.pc=0x0000025c4f300228 relative=0x00000000000001c8
Event: 3917.926 Thread 0x0000025c64461800 Uncommon trap: reason=predicate action=maybe_recompile pc=0x0000025c4f300228 method=java.lang.AbstractStringBuilder.appendChars(Ljava/lang/CharSequence;II)V @ 25 c2
Event: 3917.926 Thread 0x0000025c64461800 DEOPT PACKING pc=0x0000025c4f300228 sp=0x000000d46c0f5ed0
Event: 3917.926 Thread 0x0000025c64461800 DEOPT UNPACKING pc=0x0000025c474174af sp=0x000000d46c0f5e68 mode 2
Event: 3917.926 Thread 0x0000025c64461800 Uncommon trap: trap_request=0xffffffde fr.pc=0x0000025c4f3b8278 relative=0x0000000000000cd8
Event: 3917.926 Thread 0x0000025c64461800 Uncommon trap: reason=class_check action=maybe_recompile pc=0x0000025c4f3b8278 method=java.lang.AbstractStringBuilder.append(Ljava/lang/CharSequence;)Ljava/lang/AbstractStringBuilder; @ 26 c2
Event: 3917.926 Thread 0x0000025c64461800 DEOPT PACKING pc=0x0000025c4f3b8278 sp=0x000000d46c0f60a0
Event: 3917.926 Thread 0x0000025c64461800 DEOPT UNPACKING pc=0x0000025c474174af sp=0x000000d46c0f6090 mode 2
Event: 3917.926 Thread 0x0000025c64461800 Uncommon trap: trap_request=0xffffffde fr.pc=0x0000025c4ef7bf3c relative=0x000000000000055c
Event: 3917.926 Thread 0x0000025c64461800 Uncommon trap: reason=class_check action=maybe_recompile pc=0x0000025c4ef7bf3c method=java.lang.AbstractStringBuilder.append(Ljava/lang/CharSequence;II)Ljava/lang/AbstractStringBuilder; @ 10 c2
Event: 3917.926 Thread 0x0000025c64461800 DEOPT PACKING pc=0x0000025c4ef7bf3c sp=0x000000d46c0f5fa0
Event: 3917.926 Thread 0x0000025c64461800 DEOPT UNPACKING pc=0x0000025c474174af sp=0x000000d46c0f5f00 mode 2
Event: 3976.318 Thread 0x0000025c64466000 DEOPT PACKING pc=0x0000025c494bf786 sp=0x000000d4632fd910
Event: 3976.318 Thread 0x0000025c64466000 DEOPT UNPACKING pc=0x0000025c474172ce sp=0x000000d4632fcdb8 mode 0
Event: 3977.202 Thread 0x0000025c60874000 DEOPT PACKING pc=0x0000025c483d0fc6 sp=0x000000d46c1f9740
Event: 3977.202 Thread 0x0000025c60874000 DEOPT UNPACKING pc=0x0000025c474172ce sp=0x000000d46c1f8d20 mode 0

Classes redefined (0 events):
No events

Internal exceptions (20 events):
Event: 3917.087 Thread 0x0000025c64461800 Exception <a 'sun/nio/fs/WindowsException'{0x000000008b267160}> (0x000000008b267160) thrown at [./src/hotspot/share/prims/jni.cpp, line 615]
Event: 3917.087 Thread 0x0000025c64461800 Exception <a 'sun/nio/fs/WindowsException'{0x000000008b268078}> (0x000000008b268078) thrown at [./src/hotspot/share/prims/jni.cpp, line 615]
Event: 3917.088 Thread 0x0000025c64461800 Exception <a 'sun/nio/fs/WindowsException'{0x000000008b26c2b8}> (0x000000008b26c2b8) thrown at [./src/hotspot/share/prims/jni.cpp, line 615]
Event: 3917.088 Thread 0x0000025c64461800 Exception <a 'sun/nio/fs/WindowsException'{0x000000008b26d210}> (0x000000008b26d210) thrown at [./src/hotspot/share/prims/jni.cpp, line 615]
Event: 3917.088 Thread 0x0000025c64461800 Exception <a 'sun/nio/fs/WindowsException'{0x000000008b272760}> (0x000000008b272760) thrown at [./src/hotspot/share/prims/jni.cpp, line 615]
Event: 3917.089 Thread 0x0000025c64461800 Exception <a 'sun/nio/fs/WindowsException'{0x000000008b2736c8}> (0x000000008b2736c8) thrown at [./src/hotspot/share/prims/jni.cpp, line 615]
Event: 3917.252 Thread 0x0000025c64461800 Exception <a 'sun/nio/fs/WindowsException'{0x000000008cd44dd0}> (0x000000008cd44dd0) thrown at [./src/hotspot/share/prims/jni.cpp, line 615]
Event: 3917.252 Thread 0x0000025c64461800 Exception <a 'sun/nio/fs/WindowsException'{0x000000008cd44ed8}> (0x000000008cd44ed8) thrown at [./src/hotspot/share/prims/jni.cpp, line 615]
Event: 3917.983 Thread 0x0000025c64461800 Exception <a 'java/lang/reflect/InvocationTargetException'{0x000000008b1d2fc8}> (0x000000008b1d2fc8) thrown at [./src/hotspot/share/runtime/reflection.cpp, line 1247]
Event: 3917.998 Thread 0x0000025c64461800 Exception <a 'sun/nio/fs/WindowsException'{0x000000008cdae5a8}> (0x000000008cdae5a8) thrown at [./src/hotspot/share/prims/jni.cpp, line 615]
Event: 3976.339 Thread 0x0000025c6086f000 Exception <a 'sun/nio/fs/WindowsException'{0x000000008b8cbcd8}> (0x000000008b8cbcd8) thrown at [./src/hotspot/share/prims/jni.cpp, line 615]
Event: 3976.418 Thread 0x0000025c6086f000 Exception <a 'sun/nio/fs/WindowsException'{0x000000008b4eb830}> (0x000000008b4eb830) thrown at [./src/hotspot/share/prims/jni.cpp, line 615]
Event: 3977.015 Thread 0x0000025c60874000 Exception <a 'sun/nio/fs/WindowsException'{0x000000008b83a160}> (0x000000008b83a160) thrown at [./src/hotspot/share/prims/jni.cpp, line 615]
Event: 3977.015 Thread 0x0000025c60874000 Exception <a 'sun/nio/fs/WindowsException'{0x000000008b83b078}> (0x000000008b83b078) thrown at [./src/hotspot/share/prims/jni.cpp, line 615]
Event: 3977.017 Thread 0x0000025c60874000 Exception <a 'sun/nio/fs/WindowsException'{0x000000008b84e068}> (0x000000008b84e068) thrown at [./src/hotspot/share/prims/jni.cpp, line 615]
Event: 3977.018 Thread 0x0000025c60874000 Exception <a 'sun/nio/fs/WindowsException'{0x000000008b84efc0}> (0x000000008b84efc0) thrown at [./src/hotspot/share/prims/jni.cpp, line 615]
Event: 3977.018 Thread 0x0000025c60874000 Exception <a 'sun/nio/fs/WindowsException'{0x000000008b851320}> (0x000000008b851320) thrown at [./src/hotspot/share/prims/jni.cpp, line 615]
Event: 3977.019 Thread 0x0000025c60874000 Exception <a 'sun/nio/fs/WindowsException'{0x000000008b852288}> (0x000000008b852288) thrown at [./src/hotspot/share/prims/jni.cpp, line 615]
Event: 3977.191 Thread 0x0000025c60874000 Exception <a 'sun/nio/fs/WindowsException'{0x000000008b516ce8}> (0x000000008b516ce8) thrown at [./src/hotspot/share/prims/jni.cpp, line 615]
Event: 3977.191 Thread 0x0000025c60874000 Exception <a 'sun/nio/fs/WindowsException'{0x000000008b516df0}> (0x000000008b516df0) thrown at [./src/hotspot/share/prims/jni.cpp, line 615]

Events (20 events):
Event: 3977.003 Thread 0x0000025c5dda0800 flushing nmethod 0x0000025c49bfa690
Event: 3977.003 Thread 0x0000025c5dda0800 flushing nmethod 0x0000025c49c26790
Event: 3977.003 Thread 0x0000025c5dda0800 flushing nmethod 0x0000025c49c32d10
Event: 3977.003 Thread 0x0000025c5dda0800 flushing nmethod 0x0000025c49c71490
Event: 3977.003 Thread 0x0000025c5dda0800 flushing nmethod 0x0000025c49c77e10
Event: 3977.003 Thread 0x0000025c5dda0800 flushing nmethod 0x0000025c49c79790
Event: 3977.003 Thread 0x0000025c5dda0800 flushing nmethod 0x0000025c49c7de90
Event: 3977.003 Thread 0x0000025c5dda0800 flushing nmethod 0x0000025c49c8be90
Event: 3977.003 Thread 0x0000025c5dda0800 flushing nmethod 0x0000025c49ca7190
Event: 3977.003 Thread 0x0000025c5dda0800 flushing nmethod 0x0000025c49cad110
Event: 3977.004 Thread 0x0000025c5dda0800 flushing nmethod 0x0000025c49cd0c10
Event: 3977.004 Thread 0x0000025c5dda0800 flushing nmethod 0x0000025c49cedf10
Event: 3977.004 Thread 0x0000025c5dda0800 flushing nmethod 0x0000025c49d01810
Event: 3977.004 Thread 0x0000025c5dda0800 flushing nmethod 0x0000025c49d47b90
Event: 3977.005 Thread 0x0000025c5dda0800 flushing nmethod 0x0000025c49d7e390
Event: 3977.005 Thread 0x0000025c5dda0800 flushing nmethod 0x0000025c49dd1e90
Event: 3977.005 Thread 0x0000025c5dda0800 flushing nmethod 0x0000025c49dd4390
Event: 3977.036 Thread 0x0000025c64554000 Thread added: 0x0000025c64554000
Event: 3977.221 Executing VM operation: G1CollectForAllocation
Event: 3977.228 Executing VM operation: G1CollectForAllocation done


Dynamic libraries:
0x00007ff64ee50000 - 0x00007ff64ee5a000 	C:\Program Files\Android\Android Studio\jre\bin\java.exe
0x00007ffb512f0000 - 0x00007ffb514e5000 	C:\WINDOWS\SYSTEM32\ntdll.dll
0x00007ffb50860000 - 0x00007ffb5091d000 	C:\WINDOWS\System32\KERNEL32.DLL
0x00007ffb4f030000 - 0x00007ffb4f2f9000 	C:\WINDOWS\System32\KERNELBASE.dll
0x00007ffb4ec40000 - 0x00007ffb4ed40000 	C:\WINDOWS\System32\ucrtbase.dll
0x00007ffb34920000 - 0x00007ffb34937000 	C:\Program Files\Android\Android Studio\jre\bin\VCRUNTIME140.dll
0x00007ffb34640000 - 0x00007ffb34659000 	C:\Program Files\Android\Android Studio\jre\bin\jli.dll
0x00007ffb50150000 - 0x00007ffb502f0000 	C:\WINDOWS\System32\USER32.dll
0x00007ffb4ec10000 - 0x00007ffb4ec32000 	C:\WINDOWS\System32\win32u.dll
0x00007ffb502f0000 - 0x00007ffb5031a000 	C:\WINDOWS\System32\GDI32.dll
0x00007ffb24630000 - 0x00007ffb248ca000 	C:\WINDOWS\WinSxS\amd64_microsoft.windows.common-controls_6595b64144ccf1df_6.0.19041.1110_none_60b5254171f9507e\COMCTL32.dll
0x00007ffb4ea20000 - 0x00007ffb4eb2b000 	C:\WINDOWS\System32\gdi32full.dll
0x00007ffb509d0000 - 0x00007ffb50a6e000 	C:\WINDOWS\System32\msvcrt.dll
0x00007ffb4ef30000 - 0x00007ffb4efcd000 	C:\WINDOWS\System32\msvcp_win.dll
0x00007ffb50720000 - 0x00007ffb50750000 	C:\WINDOWS\System32\IMM32.DLL
0x00007ffb30ef0000 - 0x00007ffb30f8d000 	C:\Program Files\Android\Android Studio\jre\bin\msvcp140.dll
0x00007ffb2b920000 - 0x00007ffb2c3dc000 	C:\Program Files\Android\Android Studio\jre\bin\server\jvm.dll
0x00007ffb4f7d0000 - 0x00007ffb4f87c000 	C:\WINDOWS\System32\ADVAPI32.dll
0x00007ffb50680000 - 0x00007ffb5071b000 	C:\WINDOWS\System32\sechost.dll
0x00007ffb4ffc0000 - 0x00007ffb500ea000 	C:\WINDOWS\System32\RPCRT4.dll
0x00007ffb51190000 - 0x00007ffb51198000 	C:\WINDOWS\System32\PSAPI.DLL
0x00007ffb48ba0000 - 0x00007ffb48baa000 	C:\WINDOWS\SYSTEM32\VERSION.dll
0x00007ffb20490000 - 0x00007ffb204b7000 	C:\WINDOWS\SYSTEM32\WINMM.dll
0x00007ffb00020000 - 0x00007ffb00029000 	C:\WINDOWS\SYSTEM32\WSOCK32.dll
0x00007ffb50dc0000 - 0x00007ffb50e2b000 	C:\WINDOWS\System32\WS2_32.dll
0x00007ffb4d690000 - 0x00007ffb4d6a2000 	C:\WINDOWS\SYSTEM32\kernel.appcore.dll
0x00007ffb49cc0000 - 0x00007ffb49cd1000 	C:\Program Files\Android\Android Studio\jre\bin\verify.dll
0x00007ffb4d000000 - 0x00007ffb4d1e4000 	C:\WINDOWS\SYSTEM32\DBGHELP.DLL
0x00007ffb39360000 - 0x00007ffb3938c000 	C:\WINDOWS\SYSTEM32\dbgcore.DLL
0x00007ffb4ed40000 - 0x00007ffb4edc3000 	C:\WINDOWS\System32\bcryptPrimitives.dll
0x00007ffb46880000 - 0x00007ffb468a9000 	C:\Program Files\Android\Android Studio\jre\bin\java.dll
0x00007ffb49c70000 - 0x00007ffb49c7b000 	C:\Program Files\Android\Android Studio\jre\bin\jimage.dll
0x00007ffb49c20000 - 0x00007ffb49c38000 	C:\Program Files\Android\Android Studio\jre\bin\zip.dll
0x00007ffb4f880000 - 0x00007ffb4ffbf000 	C:\WINDOWS\System32\SHELL32.dll
0x00007ffb4c770000 - 0x00007ffb4cf00000 	C:\WINDOWS\SYSTEM32\windows.storage.dll
0x00007ffb50320000 - 0x00007ffb50675000 	C:\WINDOWS\System32\combase.dll
0x00007ffb4e410000 - 0x00007ffb4e43c000 	C:\WINDOWS\SYSTEM32\Wldp.dll
0x00007ffb50920000 - 0x00007ffb509ce000 	C:\WINDOWS\System32\SHCORE.dll
0x00007ffb500f0000 - 0x00007ffb50145000 	C:\WINDOWS\System32\shlwapi.dll
0x00007ffb4e960000 - 0x00007ffb4e97f000 	C:\WINDOWS\SYSTEM32\profapi.dll
0x00007ffb467c0000 - 0x00007ffb467da000 	C:\Program Files\Android\Android Studio\jre\bin\net.dll
0x00007ffb27f90000 - 0x00007ffb28098000 	C:\WINDOWS\SYSTEM32\WINHTTP.dll
0x00007ffb4e110000 - 0x00007ffb4e17a000 	C:\WINDOWS\system32\mswsock.dll
0x00007ffb3fa20000 - 0x00007ffb3fa34000 	C:\Program Files\Android\Android Studio\jre\bin\nio.dll
0x00007ffb468e0000 - 0x00007ffb46907000 	C:\Users\Maneka Wijesundara\.gradle\native\fdc75f09e3144964f2cf3f50f0aa648679c211496f362492102eb8c894070792\windows-amd64\native-platform.dll
0x00007ffb2fe10000 - 0x00007ffb2ffa6000 	C:\Users\Maneka Wijesundara\.gradle\native\12488b8bf47d2d4c9fbf2f6322a914ad602e24e48041cd04a747c6da556b65c4\windows-amd64\native-platform-file-events.dll
0x00007ffb49c60000 - 0x00007ffb49c6a000 	C:\Program Files\Android\Android Studio\jre\bin\management.dll
0x00007ffb468c0000 - 0x00007ffb468cc000 	C:\Program Files\Android\Android Studio\jre\bin\management_ext.dll
0x00007ffb4e300000 - 0x00007ffb4e318000 	C:\WINDOWS\SYSTEM32\CRYPTSP.dll
0x00007ffb4da90000 - 0x00007ffb4dac4000 	C:\WINDOWS\system32\rsaenh.dll
0x00007ffb4eb30000 - 0x00007ffb4eb57000 	C:\WINDOWS\System32\bcrypt.dll
0x00007ffb4e8e0000 - 0x00007ffb4e90e000 	C:\WINDOWS\SYSTEM32\USERENV.dll
0x00007ffb4e320000 - 0x00007ffb4e32c000 	C:\WINDOWS\SYSTEM32\CRYPTBASE.dll
0x00007ffb4de00000 - 0x00007ffb4de3b000 	C:\WINDOWS\SYSTEM32\IPHLPAPI.DLL
0x00007ffb51180000 - 0x00007ffb51188000 	C:\WINDOWS\System32\NSI.dll
0x00007ffb4c070000 - 0x00007ffb4c087000 	C:\WINDOWS\SYSTEM32\dhcpcsvc6.DLL
0x00007ffb4c050000 - 0x00007ffb4c06d000 	C:\WINDOWS\SYSTEM32\dhcpcsvc.DLL
0x00007ffb4de40000 - 0x00007ffb4df0c000 	C:\WINDOWS\SYSTEM32\DNSAPI.dll
0x00007ffb46f50000 - 0x00007ffb46f5b000 	C:\WINDOWS\SYSTEM32\WINNSI.DLL
0x00007ffb34a30000 - 0x00007ffb34a57000 	C:\Program Files\Android\Android Studio\jre\bin\sunec.dll
0x00007ffb49400000 - 0x00007ffb4940a000 	C:\Windows\System32\rasadhlp.dll
0x00007ffb27a30000 - 0x00007ffb27aaf000 	C:\WINDOWS\System32\fwpuclnt.dll

dbghelp: loaded successfully - version: 4.0.5 - missing functions: none
symbol engine: initialized successfully - sym options: 0x614 - pdb path: .;C:\Program Files\Android\Android Studio\jre\bin;C:\WINDOWS\SYSTEM32;C:\WINDOWS\WinSxS\amd64_microsoft.windows.common-controls_6595b64144ccf1df_6.0.19041.1110_none_60b5254171f9507e;C:\Program Files\Android\Android Studio\jre\bin\server;C:\Users\Maneka Wijesundara\.gradle\native\fdc75f09e3144964f2cf3f50f0aa648679c211496f362492102eb8c894070792\windows-amd64;C:\Users\Maneka Wijesundara\.gradle\native\12488b8bf47d2d4c9fbf2f6322a914ad602e24e48041cd04a747c6da556b65c4\windows-amd64

VM Arguments:
jvm_args: --add-opens=java.base/java.util=ALL-UNNAMED --add-opens=java.base/java.lang=ALL-UNNAMED --add-opens=java.base/java.lang.invoke=ALL-UNNAMED --add-opens=java.prefs/java.util.prefs=ALL-UNNAMED -Xmx2048m -Dfile.encoding=UTF-8 -Duser.country=US -Duser.language=en -Duser.variant 
java_command: org.gradle.launcher.daemon.bootstrap.GradleDaemon 6.7.1
java_class_path (initial): C:\Users\Maneka Wijesundara\.gradle\wrapper\dists\gradle-6.7.1-bin\bwlcbys1h7rz3272sye1xwiv6\gradle-6.7.1\lib\gradle-launcher-6.7.1.jar
Launcher Type: SUN_STANDARD

[Global flags]
     intx CICompilerCount                          = 4                                         {product} {ergonomic}
     uint ConcGCThreads                            = 2                                         {product} {ergonomic}
     uint G1ConcRefinementThreads                  = 8                                         {product} {ergonomic}
   size_t G1HeapRegionSize                         = 1048576                                   {product} {ergonomic}
    uintx GCDrainStackTargetSize                   = 64                                        {product} {ergonomic}
   size_t InitialHeapSize                          = 134217728                                 {product} {ergonomic}
   size_t MarkStackSize                            = 4194304                                   {product} {ergonomic}
   size_t MaxHeapSize                              = 2147483648                                {product} {command line}
   size_t MaxNewSize                               = 1287651328                                {product} {ergonomic}
   size_t MinHeapDeltaBytes                        = 1048576                                   {product} {ergonomic}
    uintx NonNMethodCodeHeapSize                   = 5836300                                {pd product} {ergonomic}
    uintx NonProfiledCodeHeapSize                  = 122910970                              {pd product} {ergonomic}
    uintx ProfiledCodeHeapSize                     = 122910970                              {pd product} {ergonomic}
    uintx ReservedCodeCacheSize                    = 251658240                              {pd product} {ergonomic}
     bool SegmentedCodeCache                       = true                                      {product} {ergonomic}
     bool UseCompressedClassPointers               = true                                 {lp64_product} {ergonomic}
     bool UseCompressedOops                        = true                                 {lp64_product} {ergonomic}
     bool UseG1GC                                  = true                                      {product} {ergonomic}
     bool UseLargePagesIndividualAllocation        = false                                  {pd product} {ergonomic}

Logging:
Log output configuration:
 #0: stdout all=warning uptime,level,tags
 #1: stderr all=off uptime,level,tags

Environment Variables:
JAVA_HOME=C:\Program Files\Java\jre1.8.0_291
PATH=C:\Program Files\Java\openjdk-8u41-b04-windows-i586-14_jan_2020\java-se-8u41-ri\bin;C:\Program Files\Common Files\Oracle\Java\javapath;C:\Program Files \Common Files\Oracle\Java\javapath;C:\Program Files\Microsoft MPI\Bin\;C:\Program Files\Java\jre1.8.0_291\bin;C:\windows\system32;C:\windows;C:\windows\System32\Wbem;C:\windows\System32\WindowsPowerShell\v1.0\;C:\windows\System32\OpenSSH\;C:\Program Files\Java\jre1.8.0_291\bin;C:\Program Files (x86)\NVIDIA Corporation\PhysX\Common;C:\WINDOWS\system32\config\systemprofile\.dnx\bin;C:\Program Files\Microsoft DNX\Dnvm\;C:\Program Files (x86)\Windows Kits\8.1\Windows Performance Toolkit\;C:\WINDOWS\system32;C:\WINDOWS;C:\WINDOWS\System32\Wbem;C:\WINDOWS\System32\WindowsPowerShell\v1.0\;C:\WINDOWS\System32\OpenSSH\;C:\Program Files (x86)\Microsoft SQL Server\150\DTS\Binn\;C:\Program Files\Microsoft SQL Server\Client SDK\ODBC\170\Tools\Binn\;C:\Program Files (x86)\Microsoft SQL Server\150\Tools\Binn\;C:\Program Files\Microsoft SQL Server\150\Tools\Binn\;C:\Program Files\Microsoft SQL Server\150\DTS\Binn\;C:\Program Files\Git\cmd;C:\Users\Maneka Wijesundara\AppData\Local\Programs\Python\Python39\Scripts\;C:\Users\Maneka Wijesundara\AppData\Local\Programs\Python\Python39\;C:\Program Files\Java\jre1.8.0_291\bin;C:\Users\Maneka Wijesundara\AppData\Local\Microsoft\WindowsApps
USERNAME=Maneka Wijesundara
OS=Windows_NT
PROCESSOR_IDENTIFIER=Intel64 Family 6 Model 142 Stepping 11, GenuineIntel



---------------  S Y S T E M  ---------------

OS: Windows 10 , 64 bit Build 19041 (10.0.19041.1151)
OS uptime: 1 days 22:58 hours

CPU:total 8 (initial active 8) (4 cores per cpu, 2 threads per core) family 6 model 142 stepping 11, cmov, cx8, fxsr, mmx, sse, sse2, sse3, ssse3, sse4.1, sse4.2, popcnt, avx, avx2, aes, clmul, erms, 3dnowpref, lzcnt, ht, tsc, tscinvbit, bmi1, bmi2, adx, fma

Memory: 4k page, system-wide physical 8078M (394M free)
TotalPageFile size 12078M (AvailPageFile size 6M)
current process WorkingSet (physical memory assigned to process): 495M, peak: 508M
current process commit charge ("private bytes"): 595M, peak: 609M

vm_info: OpenJDK 64-Bit Server VM (11.0.8+10-b944.6842174) for windows-amd64 JRE (11.0.8+10-b944.6842174), built on Sep 19 2020 01:11:42 by "builder" with MS VC++ 14.0 (VS2015)

END.
